
[node 1]
ram_reads = 0
ram_writes = 0
ssd_reads = 0
ssd_writes = 0
hdd_reads = 0
hdd_writes = 0
cache_hits = 356997
cache_misses = 557148
cache_replacements = 556148
cache status --------------------------------
ARC cache size = 1000
p = 47, |L1| = 1000, |L2| = 1000

[B2 - LRU (49)]
[  861] 0, 173608, 4
[ 1700] 0, 54821, 4
[  251] 0, 175346, 4
[ 1625] 0, 175379, 4
[   96] 0, 115106, 4
[ 1223] 0, 184438, 4
[ 1759] 0, 185437, 4
[  626] 0, 185438, 4
[  910] 0, 80026, 4
[ 1875] 0, 8462, 4
[  465] 0, 29401, 4
[ 1010] 0, 95677, 4
[  397] 0, 95678, 4
[ 1384] 0, 75062, 4
[ 1731] 0, 2131, 4
[ 1822] 0, 2133, 4
[  795] 0, 185471, 4
[ 1896] 0, 111735, 4
[ 1124] 0, 1390, 4
[ 1746] 0, 40966, 4
[  525] 0, 185478, 4
[   88] 0, 25511, 4
[ 1451] 0, 4261, 4
[  757] 0, 37324, 4
[ 1768] 0, 4275, 4
[ 1100] 0, 38562, 4
[ 1641] 0, 185162, 4
[ 1255] 0, 6148, 4
[ 1767] 0, 58185, 4
[  544] 0, 185483, 4
[ 1854] 0, 13217, 4
[  515] 0, 83770, 4
[  178] 0, 64266, 4
[  113] 0, 67151, 4
[ 1579] 0, 58889, 4
[ 1410] 0, 144595, 4
[ 1692] 0, 144612, 4
[ 1416] 0, 10110, 4
[  627] 0, 46947, 4
[  169] 0, 173643, 4
[ 1283] 0, 184910, 4
[  999] 0, 171352, 4
[ 1212] 0, 36186, 4
[  112] 0, 185496, 4
[ 1178] 0, 185430, 4
[  280] 0, 185431, 4
[   54] 0, 107029, 4
[  406] 0, 4352, 4
[ 1286] 0, 71867, 4
[B2 - MRU]
[T2 - LRU (951)]
[  505] 0, 182467, 3
[ 1180] 0, 182468, 3
[   23] 0, 185184, 3
[ 1251] 0, 185240, 3
[  781] 0, 4351, 3
[ 1111] 0, 182242, 3
[ 1015] 0, 185258, 3
[ 1503] 0, 185406, 3
[  359] 0, 185129, 3
[  257] 0, 169631, 3
[  940] 0, 176540, 3
[ 1947] 0, 175155, 3
[  987] 0, 13275, 3
[ 1203] 0, 13259, 3
[   34] 0, 70316, 3
[ 1457] 0, 113432, 3
[ 1916] 0, 185112, 3
[ 1241] 0, 185510, 3
[ 1826] 0, 185458, 3
[  585] 0, 174661, 3
[ 1448] 0, 64804, 3
[  967] 0, 185505, 3
[  163] 0, 8760, 3
[  402] 0, 185533, 3
[ 1261] 0, 161406, 3
[ 1134] 0, 183338, 3
[ 1407] 0, 179931, 3
[  450] 0, 181054, 3
[ 1420] 0, 8612, 3
[ 1508] 0, 8587, 3
[  693] 0, 4516, 3
[ 1607] 0, 183899, 3
[ 1805] 0, 24627, 3
[ 1618] 0, 83445, 3
[  563] 0, 137792, 3
[  197] 0, 137787, 3
[ 1970] 0, 969, 3
[  920] 0, 5145, 3
[  452] 0, 185577, 3
[ 1422] 0, 185572, 3
[ 1259] 0, 2329, 3
[  722] 0, 4154, 3
[  796] 0, 8196, 3
[   20] 0, 185599, 3
[  149] 0, 185591, 3
[ 1808] 0, 185587, 3
[  696] 0, 38884, 3
[  883] 0, 38890, 3
[ 1249] 0, 185341, 3
[ 1369] 0, 185490, 3
[ 1226] 0, 151503, 3
[  779] 0, 151507, 3
[ 1671] 0, 178178, 3
[ 1250] 0, 184822, 3
[ 1504] 0, 185619, 3
[ 1627] 0, 185529, 3
[  343] 0, 185530, 3
[  969] 0, 160141, 3
[  827] 0, 160107, 3
[  813] 0, 185428, 3
[ 1399] 0, 14706, 3
[ 1260] 0, 104265, 3
[  746] 0, 9135, 3
[  302] 0, 23744, 3
[ 1543] 0, 9173, 3
[  895] 0, 182244, 3
[  833] 0, 184709, 3
[   56] 0, 185624, 3
[ 1132] 0, 3834, 3
[ 1979] 0, 185462, 3
[  384] 0, 185454, 3
[ 1835] 0, 3829, 3
[  262] 0, 24947, 3
[ 1633] 0, 25063, 3
[ 1242] 0, 184995, 3
[ 1922] 0, 184996, 3
[ 1601] 0, 156459, 3
[  964] 0, 185637, 3
[ 1521] 0, 39105, 3
[ 1059] 0, 51550, 3
[ 1257] 0, 185435, 3
[ 1707] 0, 185436, 3
[ 1927] 0, 64513, 3
[   14] 0, 31022, 3
[  283] 0, 126895, 3
[ 1336] 0, 63253, 3
[  234] 0, 73758, 3
[ 1674] 0, 184419, 3
[  519] 0, 161442, 3
[ 1330] 0, 55625, 3
[   42] 0, 185640, 3
[ 1577] 0, 185631, 3
[  905] 0, 149959, 3
[ 1990] 0, 185639, 3
[ 1921] 0, 10850, 3
[ 1397] 0, 328, 3
[  305] 0, 1020, 3
[ 1373] 0, 184426, 3
[  312] 0, 9524, 3
[  569] 0, 84103, 3
[   40] 0, 1832, 3
[  932] 0, 182546, 3
[ 1590] 0, 184164, 3
[ 1314] 0, 12141, 3
[  116] 0, 83122, 3
[ 1894] 0, 111145, 3
[  575] 0, 520, 3
[  480] 0, 185648, 3
[  598] 0, 15607, 3
[ 1454] 0, 172548, 3
[ 1087] 0, 7719, 3
[ 1974] 0, 1841, 3
[  209] 0, 122559, 3
[ 1115] 0, 122557, 3
[ 1505] 0, 176271, 3
[  541] 0, 177009, 3
[  986] 0, 70558, 3
[ 1563] 0, 25563, 3
[   92] 0, 185706, 3
[  416] 0, 185694, 3
[ 1656] 0, 176265, 3
[ 1853] 0, 25733, 3
[ 1021] 0, 83707, 3
[  608] 0, 185704, 3
[  412] 0, 86746, 3
[ 1108] 0, 4442, 3
[  834] 0, 171316, 3
[ 1097] 0, 180409, 3
[ 1895] 0, 22665, 3
[ 1646] 0, 172301, 3
[ 1078] 0, 184591, 3
[  134] 0, 185722, 3
[   81] 0, 173611, 3
[  368] 0, 185716, 3
[ 1931] 0, 280, 3
[ 1409] 0, 185468, 3
[ 1613] 0, 185475, 3
[ 1745] 0, 4446, 3
[  609] 0, 12165, 3
[ 1821] 0, 173128, 3
[  119] 0, 82652, 3
[ 1340] 0, 2735, 3
[ 1351] 0, 14989, 3
[ 1107] 0, 1021, 3
[ 1266] 0, 1022, 3
[ 1437] 0, 185742, 3
[  193] 0, 185729, 3
[  126] 0, 3131, 3
[  970] 0, 3132, 3
[  714] 0, 84702, 3
[  838] 0, 84061, 3
[ 1712] 0, 1809, 3
[  897] 0, 185744, 3
[ 1709] 0, 37021, 3
[ 1980] 0, 185608, 3
[  777] 0, 1232, 3
[ 1435] 0, 28654, 3
[ 1423] 0, 74063, 3
[ 1509] 0, 62727, 3
[  431] 0, 175532, 3
[  303] 0, 1161, 3
[ 1060] 0, 126, 3
[  287] 0, 175750, 3
[ 1350] 0, 175763, 3
[  862] 0, 4689, 3
[  372] 0, 4676, 3
[  962] 0, 67919, 3
[ 1480] 0, 175497, 3
[ 1515] 0, 175544, 3
[  352] 0, 175513, 3
[  326] 0, 40323, 3
[   76] 0, 185800, 3
[ 1131] 0, 146504, 3
[ 1945] 0, 185790, 3
[   38] 0, 174928, 3
[  507] 0, 4538, 3
[ 1028] 0, 174931, 3
[  256] 0, 185822, 3
[ 1211] 0, 185233, 3
[ 1328] 0, 73682, 3
[ 1025] 0, 10677, 3
[ 1592] 0, 7541, 3
[  676] 0, 95187, 3
[ 1642] 0, 95170, 3
[ 1730] 0, 185842, 3
[ 1158] 0, 185286, 3
[  460] 0, 185593, 3
[ 1275] 0, 23009, 3
[ 1485] 0, 22135, 3
[  716] 0, 54654, 3
[  760] 0, 54655, 3
[ 1873] 0, 58841, 3
[ 1152] 0, 178933, 3
[  174] 0, 185857, 3
[ 1884] 0, 1251, 3
[ 1093] 0, 1274, 3
[ 1429] 0, 118529, 3
[ 1128] 0, 7954, 3
[  476] 0, 173642, 3
[ 1939] 0, 147530, 3
[ 1861] 0, 184279, 3
[ 1825] 0, 13301, 3
[   31] 0, 53475, 3
[ 1345] 0, 95171, 3
[  588] 0, 163179, 3
[ 1868] 0, 183061, 3
[ 1139] 0, 185913, 3
[ 1900] 0, 185702, 3
[  979] 0, 185710, 3
[ 1771] 0, 59389, 3
[   35] 0, 185919, 3
[  511] 0, 1084, 3
[  294] 0, 21908, 3
[ 1603] 0, 36261, 3
[ 1117] 0, 97565, 3
[  581] 0, 46714, 3
[ 1554] 0, 46742, 3
[  928] 0, 185928, 3
[ 1400] 0, 317, 3
[ 1929] 0, 318, 3
[  114] 0, 329, 3
[ 1091] 0, 330, 3
[ 1984] 0, 2309, 3
[  753] 0, 2310, 3
[  988] 0, 42488, 3
[ 1177] 0, 185932, 3
[  255] 0, 185921, 3
[ 1780] 0, 184566, 3
[ 1391] 0, 174954, 3
[  694] 0, 39662, 3
[  535] 0, 170450, 3
[  215] 0, 11680, 3
[ 1697] 0, 8950, 3
[  133] 0, 185945, 3
[ 1389] 0, 184342, 3
[ 1215] 0, 179702, 3
[  738] 0, 13134, 3
[  426] 0, 178725, 3
[   37] 0, 185629, 3
[  130] 0, 185951, 3
[  434] 0, 6184, 3
[ 1665] 0, 1432, 3
[ 1362] 0, 121, 3
[ 1580] 0, 1741, 3
[ 1791] 0, 1608, 3
[  370] 0, 6986, 3
[ 1810] 0, 320, 3
[   71] 0, 38683, 3
[ 1488] 0, 185988, 3
[ 1140] 0, 185978, 3
[ 1761] 0, 60276, 3
[ 1683] 0, 60263, 3
[ 1198] 0, 39067, 3
[  207] 0, 39112, 3
[  974] 0, 47, 3
[   49] 0, 48, 3
[ 1926] 0, 2291, 3
[  701] 0, 185647, 3
[ 1928] 0, 2340, 3
[   21] 0, 552, 3
[  742] 0, 180322, 3
[  855] 0, 1573, 3
[ 1068] 0, 186006, 3
[ 1034] 0, 186013, 3
[  428] 0, 1435, 3
[  540] 0, 56516, 3
[ 1285] 0, 56502, 3
[  990] 0, 170611, 3
[ 1031] 0, 233, 3
[ 1243] 0, 240, 3
[ 1342] 0, 180325, 3
[  276] 0, 5735, 3
[  658] 0, 185999, 3
[ 1024] 0, 147677, 3
[  265] 0, 142562, 3
[ 1040] 0, 4450, 3
[ 1206] 0, 31670, 3
[  580] 0, 5771, 3
[  375] 0, 184274, 3
[ 1973] 0, 5774, 3
[  521] 0, 8527, 3
[  572] 0, 186052, 3
[  950] 0, 186038, 3
[ 1050] 0, 185202, 3
[ 1210] 0, 186048, 3
[ 1150] 0, 157151, 3
[   47] 0, 186069, 3
[ 1039] 0, 181096, 3
[   22] 0, 183737, 3
[  537] 0, 117767, 3
[  901] 0, 3200, 3
[ 1891] 0, 115665, 3
[  793] 0, 185998, 3
[  514] 0, 141322, 3
[  533] 0, 3207, 3
[ 1796] 0, 2536, 3
[ 1991] 0, 186025, 3
[  440] 0, 53520, 3
[  748] 0, 53524, 3
[ 1193] 0, 53532, 3
[ 1961] 0, 53535, 3
[  929] 0, 170126, 3
[ 1888] 0, 53540, 3
[ 1263] 0, 105901, 3
[ 1831] 0, 159335, 3
[  184] 0, 186089, 3
[  270] 0, 4118, 3
[  599] 0, 175808, 3
[ 1258] 0, 8453, 3
[  778] 0, 186115, 3
[  792] 0, 6943, 3
[  726] 0, 75809, 3
[ 1986] 0, 100799, 3
[  478] 0, 100858, 3
[  700] 0, 186146, 3
[ 1833] 0, 62051, 3
[  329] 0, 186134, 3
[  750] 0, 186119, 3
[  939] 0, 67930, 3
[   45] 0, 47416, 3
[  297] 0, 11579, 3
[ 1333] 0, 186037, 3
[  532] 0, 186117, 3
[  893] 0, 186151, 3
[  441] 0, 20928, 3
[ 1588] 0, 4620, 3
[ 1510] 0, 186100, 3
[ 1301] 0, 186081, 3
[ 1971] 0, 186059, 3
[  832] 0, 6939, 3
[  129] 0, 50763, 3
[ 1676] 0, 50811, 3
[  306] 0, 2066, 3
[  931] 0, 2067, 3
[ 1844] 0, 8392, 3
[  678] 0, 8393, 3
[ 1118] 0, 186142, 3
[ 1956] 0, 21649, 3
[ 1972] 0, 21650, 3
[  765] 0, 44475, 3
[ 1001] 0, 32543, 3
[  653] 0, 65443, 3
[ 1367] 0, 759, 3
[  424] 0, 760, 3
[ 1578] 0, 32537, 3
[ 1901] 0, 26463, 3
[ 1041] 0, 761, 3
[ 1318] 0, 762, 3
[  189] 0, 153729, 3
[  545] 0, 662, 3
[ 1020] 0, 690, 3
[    7] 0, 99310, 3
[ 1426] 0, 186201, 3
[ 1858] 0, 186203, 3
[ 1052] 0, 155783, 3
[ 1616] 0, 186204, 3
[ 1125] 0, 186174, 3
[ 1368] 0, 186160, 3
[  534] 0, 651, 3
[  866] 0, 97561, 3
[  894] 0, 111627, 3
[  926] 0, 94166, 3
[    0] 0, 186155, 3
[  443] 0, 186194, 3
[ 1195] 0, 185, 3
[ 1606] 0, 186, 3
[ 1447] 0, 1876, 3
[ 1889] 0, 183549, 3
[  104] 0, 50321, 3
[ 1460] 0, 186219, 3
[   84] 0, 78392, 3
[ 1788] 0, 186227, 3
[  791] 0, 78386, 3
[ 1541] 0, 1851, 3
[ 1893] 0, 186210, 3
[ 1167] 0, 186206, 3
[  975] 0, 19339, 3
[  161] 0, 8369, 3
[  972] 0, 2755, 3
[  567] 0, 143355, 3
[  707] 0, 186231, 3
[ 1816] 0, 75078, 3
[  346] 0, 186235, 3
[ 1924] 0, 172274, 3
[  332] 0, 8616, 3
[  922] 0, 27079, 3
[  213] 0, 22615, 3
[ 1130] 0, 186249, 3
[ 1624] 0, 182316, 3
[ 1142] 0, 1974, 3
[ 1562] 0, 1966, 3
[  887] 0, 745, 3
[  453] 0, 185983, 3
[ 1344] 0, 185995, 3
[  548] 0, 4301, 3
[ 1596] 0, 21339, 3
[ 1586] 0, 21314, 3
[   24] 0, 1114, 3
[  691] 0, 1117, 3
[ 1605] 0, 970, 3
[  289] 0, 88688, 3
[  105] 0, 185872, 3
[ 1265] 0, 186221, 3
[  500] 0, 186263, 3
[ 1324] 0, 186265, 3
[  641] 0, 1338, 3
[ 1996] 0, 4087, 3
[ 1507] 0, 4088, 3
[ 1886] 0, 86, 3
[ 1477] 0, 151875, 3
[ 1105] 0, 145410, 3
[  787] 0, 56435, 3
[  821] 0, 28, 3
[ 1450] 0, 186279, 3
[  692] 0, 1200, 3
[ 1911] 0, 53598, 3
[ 1302] 0, 17292, 3
[ 1876] 0, 185760, 3
[ 1880] 0, 4292, 3
[ 1781] 0, 20094, 3
[  898] 0, 138706, 3
[  378] 0, 138569, 3
[ 1849] 0, 86871, 3
[  510] 0, 58042, 3
[  221] 0, 111400, 3
[ 1236] 0, 27076, 3
[  619] 0, 164195, 3
[ 1436] 0, 25758, 3
[ 1978] 0, 2578, 3
[  275] 0, 154, 3
[ 1425] 0, 155, 3
[ 1311] 0, 157, 3
[  823] 0, 158, 3
[  457] 0, 148878, 3
[ 1012] 0, 148871, 3
[ 1047] 0, 170, 3
[ 1201] 0, 171, 3
[  579] 0, 2703, 3
[  509] 0, 2704, 3
[ 1278] 0, 186295, 3
[  611] 0, 185041, 3
[  913] 0, 186290, 3
[  697] 0, 169682, 3
[ 1230] 0, 182312, 3
[ 1882] 0, 1587, 3
[ 1784] 0, 186306, 3
[ 1623] 0, 186305, 3
[  958] 0, 185149, 3
[  324] 0, 185683, 3
[  245] 0, 164925, 3
[    2] 0, 159663, 3
[ 1056] 0, 183118, 3
[  909] 0, 12616, 3
[ 1914] 0, 131406, 3
[  735] 0, 124068, 3
[ 1783] 0, 186301, 3
[  947] 0, 131408, 3
[ 1547] 0, 1324, 3
[ 1329] 0, 120437, 3
[  462] 0, 120440, 3
[  549] 0, 143973, 3
[ 1106] 0, 144152, 3
[  660] 0, 113421, 3
[   90] 0, 149, 3
[  238] 0, 150, 3
[ 1988] 0, 79864, 3
[  761] 0, 50532, 3
[  299] 0, 50513, 3
[  499] 0, 14292, 3
[ 1186] 0, 6425, 3
[  538] 0, 1346, 3
[  836] 0, 1333, 3
[ 1122] 0, 186317, 3
[  650] 0, 55, 3
[ 1221] 0, 152726, 3
[ 1218] 0, 1300, 3
[  404] 0, 50419, 3
[ 1811] 0, 3933, 3
[  724] 0, 80444, 3
[  463] 0, 54205, 3
[  291] 0, 1087, 3
[ 1953] 0, 1030, 3
[ 1815] 0, 8697, 3
[ 1615] 0, 175747, 3
[ 1668] 0, 175742, 3
[ 1539] 0, 4696, 3
[  103] 0, 181918, 3
[ 1166] 0, 181904, 3
[ 1719] 0, 631, 3
[  323] 0, 65826, 3
[  935] 0, 155763, 3
[ 1008] 0, 842, 3
[  577] 0, 843, 3
[  642] 0, 844, 3
[ 1777] 0, 845, 3
[ 1530] 0, 134845, 3
[ 1812] 0, 88971, 3
[   75] 0, 28994, 3
[  991] 0, 185463, 3
[  674] 0, 2195, 3
[ 1081] 0, 2196, 3
[  399] 0, 2233, 3
[ 1593] 0, 2234, 3
[  966] 0, 2235, 3
[  790] 0, 2236, 3
[  176] 0, 6089, 3
[  124] 0, 6090, 3
[  143] 0, 2863, 3
[ 1356] 0, 2252, 3
[ 1574] 0, 2253, 3
[  363] 0, 178614, 3
[  941] 0, 186289, 3
[ 1556] 0, 100572, 3
[ 1715] 0, 184937, 3
[  890] 0, 171372, 3
[ 1774] 0, 186351, 3
[ 1982] 0, 181115, 3
[  362] 0, 186267, 3
[ 1393] 0, 182248, 3
[  423] 0, 185626, 3
[ 1955] 0, 186352, 3
[  347] 0, 170701, 3
[  508] 0, 186313, 3
[  850] 0, 53854, 3
[ 1317] 0, 53821, 3
[  607] 0, 10140, 3
[  498] 0, 10101, 3
[ 1843] 0, 159327, 3
[ 1332] 0, 8722, 3
[  101] 0, 8744, 3
[ 1305] 0, 14198, 3
[ 1048] 0, 32501, 3
[  284] 0, 173634, 3
[  242] 0, 147916, 3
[  946] 0, 155946, 3
[ 1512] 0, 155956, 3
[    5] 0, 6586, 3
[   74] 0, 106113, 3
[  313] 0, 106208, 3
[  591] 0, 46403, 3
[ 1440] 0, 131438, 3
[ 1514] 0, 39573, 3
[ 1520] 0, 181614, 3
[  120] 0, 39596, 3
[  309] 0, 131500, 3
[ 1704] 0, 24954, 3
[ 1315] 0, 50429, 3
[ 1989] 0, 39608, 3
[ 1316] 0, 152066, 3
[ 1936] 0, 152060, 3
[ 1670] 0, 39612, 3
[ 1729] 0, 4160, 3
[  728] 0, 57424, 3
[ 1513] 0, 39586, 3
[ 1225] 0, 186218, 3
[  222] 0, 186228, 3
[  819] 0, 25010, 3
[ 1456] 0, 28464, 3
[  659] 0, 174936, 3
[ 1658] 0, 185310, 3
[  135] 0, 7510, 3
[ 1136] 0, 7630, 3
[ 1398] 0, 141321, 3
[  797] 0, 17279, 3
[ 1294] 0, 2350, 3
[  190] 0, 53529, 3
[ 1522] 0, 18488, 3
[  236] 0, 1710, 3
[  430] 0, 1840, 3
[ 1660] 0, 18482, 3
[ 1378] 0, 186077, 3
[ 1842] 0, 22362, 3
[ 1443] 0, 111754, 3
[  357] 0, 186405, 3
[  267] 0, 24077, 3
[ 1581] 0, 184571, 3
[  805] 0, 186341, 3
[  364] 0, 147942, 3
[ 1552] 0, 79077, 3
[ 1192] 0, 75003, 3
[  903] 0, 172792, 3
[    4] 0, 186368, 3
[  159] 0, 55137, 3
[ 1244] 0, 17942, 3
[  227] 0, 153974, 3
[   78] 0, 170011, 3
[ 1727] 0, 17954, 3
[ 1918] 0, 186431, 3
[ 1018] 0, 25159, 3
[  878] 0, 13252, 3
[  784] 0, 29387, 3
[ 1073] 0, 1143, 3
[   32] 0, 186427, 3
[ 1890] 0, 13261, 3
[   58] 0, 3195, 3
[ 1907] 0, 3753, 3
[ 1247] 0, 179, 3
[  183] 0, 180, 3
[ 1164] 0, 24068, 3
[  551] 0, 973, 3
[  223] 0, 187, 3
[ 1621] 0, 188, 3
[   44] 0, 205, 3
[  398] 0, 206, 3
[ 1877] 0, 620, 3
[ 1599] 0, 138324, 3
[ 1941] 0, 171547, 3
[ 1245] 0, 39381, 3
[ 1145] 0, 186448, 3
[  739] 0, 130236, 3
[  177] 0, 31886, 3
[ 1381] 0, 9241, 3
[  474] 0, 81144, 3
[ 1414] 0, 56727, 3
[  502] 0, 4015, 3
[  444] 0, 147632, 3
[  118] 0, 184115, 3
[   80] 0, 962, 3
[ 1952] 0, 186361, 3
[  623] 0, 74270, 3
[ 1366] 0, 74271, 3
[  741] 0, 74524, 3
[ 1086] 0, 74525, 3
[ 1695] 0, 74769, 3
[  554] 0, 74770, 3
[ 1055] 0, 74772, 3
[  665] 0, 74773, 3
[ 1430] 0, 186333, 3
[  737] 0, 50450, 3
[  628] 0, 186455, 3
[  247] 0, 138, 3
[ 1841] 0, 10473, 3
[ 1161] 0, 833, 3
[ 1045] 0, 834, 3
[  816] 0, 186474, 3
[  698] 0, 40210, 3
[ 1184] 0, 977, 3
[  594] 0, 4936, 3
[  617] 0, 4875, 3
[  435] 0, 186467, 3
[ 1495] 0, 57344, 3
[  350] 0, 186460, 3
[ 1536] 0, 148254, 3
[ 1870] 0, 186452, 3
[ 1506] 0, 182542, 3
[ 1277] 0, 59859, 3
[  681] 0, 98469, 3
[  918] 0, 66214, 3
[  715] 0, 68550, 3
[  331] 0, 68551, 3
[ 1640] 0, 66217, 3
[   43] 0, 1183, 3
[ 1359] 0, 1685, 3
[ 1817] 0, 164708, 3
[ 1497] 0, 183098, 3
[ 1358] 0, 49057, 3
[   68] 0, 69, 3
[   69] 0, 70, 3
[ 1271] 0, 184889, 3
[ 1321] 0, 51364, 3
[  879] 0, 6842, 3
[ 1194] 0, 3873, 3
[ 1163] 0, 9672, 3
[ 1957] 0, 186498, 3
[ 1600] 0, 186513, 3
[  147] 0, 72739, 3
[ 1104] 0, 87306, 3
[ 1568] 0, 182729, 3
[  546] 0, 186501, 3
[   93] 0, 186493, 3
[ 1354] 0, 186503, 3
[ 1647] 0, 117049, 3
[  864] 0, 183283, 3
[  425] 0, 186445, 3
[  139] 0, 3874, 3
[  936] 0, 186524, 3
[ 1942] 0, 185102, 3
[   72] 0, 9671, 3
[ 1038] 0, 5030, 3
[ 1011] 0, 4995, 3
[  983] 0, 186519, 3
[  376] 0, 83125, 3
[ 1840] 0, 9675, 3
[  917] 0, 186528, 3
[ 1080] 0, 186379, 3
[  244] 0, 4423, 3
[  998] 0, 14478, 3
[ 1126] 0, 36445, 3
[ 1483] 0, 380, 3
[  325] 0, 14482, 3
[ 1444] 0, 186545, 3
[ 1467] 0, 14485, 3
[ 1664] 0, 105108, 3
[  937] 0, 519, 3
[ 1452] 0, 117113, 3
[  123] 0, 112511, 3
[   97] 0, 159172, 3
[  892] 0, 20577, 3
[ 1171] 0, 142482, 3
[ 1932] 0, 34936, 3
[ 1527] 0, 118, 3
[ 1406] 0, 119, 3
[  663] 0, 181, 3
[  319] 0, 182, 3
[  301] 0, 1261, 3
[  695] 0, 1262, 3
[ 1963] 0, 88695, 3
[  191] 0, 186618, 3
[  624] 0, 186629, 3
[ 1949] 0, 186634, 3
[ 1421] 0, 25193, 3
[  583] 0, 185730, 3
[  296] 0, 127071, 3
[  869] 0, 186624, 3
[  719] 0, 52346, 3
[ 1923] 0, 52347, 3
[  377] 0, 8195, 3
[ 1022] 0, 182528, 3
[   36] 0, 88699, 3
[ 1013] 0, 182531, 3
[ 1147] 0, 184243, 3
[  542] 0, 186650, 3
[ 1229] 0, 184891, 3
[ 1438] 0, 1125, 3
[ 1428] 0, 1126, 3
[  342] 0, 6064, 3
[  171] 0, 6079, 3
[ 1758] 0, 186646, 3
[  708] 0, 126942, 3
[  403] 0, 126949, 3
[  396] 0, 1132, 3
[  272] 0, 1133, 3
[  338] 0, 186655, 3
[  711] 0, 2464, 3
[ 1000] 0, 2465, 3
[  254] 0, 8, 3
[ 1632] 0, 179533, 3
[ 1493] 0, 186072, 3
[ 1149] 0, 186620, 3
[ 1533] 0, 186666, 3
[   11] 0, 20473, 3
[ 1859] 0, 20478, 3
[  889] 0, 147, 3
[ 1075] 0, 148, 3
[  504] 0, 151, 3
[ 1636] 0, 152, 3
[ 1033] 0, 4720, 3
[  487] 0, 4166, 3
[ 1127] 0, 168, 3
[ 1005] 0, 169, 3
[ 1732] 0, 532, 3
[ 1583] 0, 5676, 3
[ 1004] 0, 186096, 3
[  582] 0, 186097, 3
[  156] 0, 71457, 3
[ 1320] 0, 29162, 3
[  387] 0, 16943, 3
[  843] 0, 186672, 3
[ 1762] 0, 186675, 3
[ 1392] 0, 186682, 3
[ 1492] 0, 65838, 3
[  654] 0, 78170, 3
[  860] 0, 65316, 3
[ 1014] 0, 65307, 3
[ 1095] 0, 13915, 3
[   79] 0, 1402, 3
[   67] 0, 1403, 3
[ 1066] 0, 138325, 3
[  400] 0, 1405, 3
[ 1290] 0, 1406, 3
[ 1540] 0, 2787, 3
[  180] 0, 2823, 3
[ 1181] 0, 89869, 3
[ 1682] 0, 186622, 3
[ 1235] 0, 50666, 3
[ 1785] 0, 85236, 3
[  196] 0, 31795, 3
[ 1677] 0, 186707, 3
[ 1282] 0, 186702, 3
[  631] 0, 85272, 3
[ 1864] 0, 186700, 3
[ 1919] 0, 1134, 3
[  489] 0, 1135, 3
[ 1909] 0, 120809, 3
[  957] 0, 185299, 3
[  205] 0, 185291, 3
[  195] 0, 120811, 3
[  108] 0, 5972, 3
[  558] 0, 51283, 3
[ 1462] 0, 3431, 3
[  393] 0, 4604, 3
[  763] 0, 334, 3
[  235] 0, 335, 3
[  315] 0, 338, 3
[   28] 0, 339, 3
[ 1994] 0, 5336, 3
[  867] 0, 1719, 3
[ 1144] 0, 184379, 3
[ 1651] 0, 89681, 3
[  841] 0, 89682, 3
[ 1189] 0, 186729, 3
[  268] 0, 1427, 3
[  288] 0, 120813, 3
[ 1085] 0, 156113, 3
[ 1702] 0, 6068, 3
[ 1309] 0, 6069, 3
[ 1679] 0, 137795, 3
[ 1757] 0, 6076, 3
[ 1622] 0, 6077, 3
[  985] 0, 1430, 3
[ 1418] 0, 6080, 3
[ 1553] 0, 6081, 3
[  192] 0, 51673, 3
[  686] 0, 51674, 3
[  911] 0, 120814, 3
[  335] 0, 181473, 3
[  644] 0, 186745, 3
[  117] 0, 262, 3
[    3] 0, 263, 3
[  220] 0, 186742, 3
[ 1159] 0, 347, 3
[  451] 0, 348, 3
[ 1109] 0, 362, 3
[  389] 0, 363, 3
[ 1747] 0, 186704, 3
[  394] 0, 186735, 3
[  146] 0, 185910, 3
[ 1634] 0, 186746, 3
[ 1637] 0, 2102, 3
[ 1170] 0, 91574, 3
[  873] 0, 49076, 3
[ 1209] 0, 92155, 3
[  439] 0, 97783, 3
[  167] 0, 182466, 3
[  881] 0, 177, 3
[ 1943] 0, 178, 3
[  109] 0, 186759, 3
[ 1372] 0, 196, 3
[ 1738] 0, 197, 3
[ 1405] 0, 217, 3
[  994] 0, 218, 3
[   55] 0, 49, 3
[  945] 0, 50, 3
[  759] 0, 186773, 3
[  490] 0, 186770, 3
[ 1604] 0, 183472, 3
[  713] 0, 8225, 3
[ 1341] 0, 58, 3
[ 1846] 0, 48402, 3
[ 1101] 0, 64180, 3
[ 1529] 0, 727, 3
[  228] 0, 728, 3
[  733] 0, 165091, 3
[ 1701] 0, 2543, 3
[ 1151] 0, 92816, 3
[ 1609] 0, 184948, 3
[  492] 0, 175602, 3
[ 1681] 0, 3418, 3
[ 1082] 0, 749, 3
[ 1915] 0, 750, 3
[   85] 0, 2838, 3
[ 1427] 0, 2892, 3
[ 1442] 0, 186768, 3
[ 1614] 0, 751, 3
[  951] 0, 752, 3
[  547] 0, 33374, 3
[  904] 0, 97, 3
[ 1227] 0, 98, 3
[ 1035] 0, 79318, 3
[  226] 0, 79319, 3
[ 1804] 0, 186784, 3
[ 1666] 0, 186772, 3
[ 1415] 0, 119930, 3
[  717] 0, 186802, 3
[ 1032] 0, 3031, 3
[  486] 0, 1266, 3
[ 1962] 0, 153970, 3
[ 1964] 0, 1826, 3
[  369] 0, 6000, 3
[ 1165] 0, 31738, 3
[  258] 0, 8574, 3
[  211] 0, 9028, 3
[  620] 0, 49030, 3
[ 1775] 0, 8329, 3
[  882] 0, 2589, 3
[  520] 0, 2520, 3
[ 1352] 0, 178120, 3
[   94] 0, 173, 3
[  662] 0, 53361, 3
[  273] 0, 125697, 3
[  456] 0, 1394, 3
[  612] 0, 1395, 3
[  965] 0, 1397, 3
[  224] 0, 1398, 3
[  512] 0, 1224, 3
[ 1256] 0, 51076, 3
[  944] 0, 51077, 3
[  160] 0, 186850, 3
[ 1162] 0, 51185, 3
[   50] 0, 51186, 3
[ 1993] 0, 186819, 3
[   82] 0, 182631, 3
[  847] 0, 51187, 3
[  137] 0, 51188, 3
[ 1458] 0, 59290, 3
[  229] 0, 34088, 3
[  446] 0, 5162, 3
[ 1612] 0, 5207, 3
[  186] 0, 74259, 3
[ 1030] 0, 74260, 3
[  281] 0, 74262, 3
[  643] 0, 74263, 3
[  699] 0, 184858, 3
[  358] 0, 74266, 3
[  930] 0, 74267, 3
[ 1120] 0, 166074, 3
[  723] 0, 166063, 3
[ 1088] 0, 186849, 3
[ 1790] 0, 4497, 3
[  307] 0, 186814, 3
[ 1187] 0, 186806, 3
[   29] 0, 186739, 3
[ 1643] 0, 186748, 3
[  320] 0, 526, 3
[ 1281] 0, 529, 3
[ 1295] 0, 252, 3
[ 1408] 0, 253, 3
[  822] 0, 471, 3
[   70] 0, 472, 3
[  871] 0, 473, 3
[ 1268] 0, 474, 3
[  199] 0, 200, 3
[  200] 0, 201, 3
[ 1486] 0, 67733, 3
[ 1912] 0, 67746, 3
[ 1016] 0, 186208, 3
[   15] 0, 186199, 3
[  168] 0, 128734, 3
[ 1531] 0, 128733, 3
[ 1549] 0, 974, 3
[ 1413] 0, 185493, 3
[  413] 0, 186873, 3
[  848] 0, 186874, 3
[  574] 0, 186875, 3
[ 1205] 0, 186876, 3
[ 1473] 0, 99074, 3
[ 1289] 0, 186877, 3
[   19] 0, 186878, 3
[ 1654] 0, 186879, 3
[ 1157] 0, 10548, 3
[   83] 0, 36443, 3
[T2 - MRU]
[T1 - MRU (49)]
[ 1183] 0, 186880, 1
[  703] 0, 186872, 1
[  828] 0, 186871, 1
[  379] 0, 5058, 1
[ 1561] 0, 10560, 1
[ 1734] 0, 3728, 1
[   63] 0, 186870, 1
[  361] 0, 186869, 1
[ 1551] 0, 10556, 1
[ 1845] 0, 186868, 1
[ 1216] 0, 186867, 1
[ 1917] 0, 8689, 1
[  622] 0, 185457, 1
[  493] 0, 186866, 1
[  292] 0, 186865, 1
[ 1857] 0, 86721, 1
[  410] 0, 186864, 1
[   60] 0, 186863, 1
[ 1892] 0, 48748, 1
[   12] 0, 186862, 1
[ 1820] 0, 186861, 1
[ 1898] 0, 24003, 1
[ 1233] 0, 186860, 1
[  467] 0, 42196, 1
[  484] 0, 30788, 1
[ 1910] 0, 121866, 1
[ 1264] 0, 67384, 1
[   61] 0, 186859, 1
[  526] 0, 186858, 1
[ 1037] 0, 34184, 1
[ 1489] 0, 59277, 1
[ 1224] 0, 149550, 1
[ 1538] 0, 59139, 1
[ 1379] 0, 186857, 1
[  673] 0, 15557, 1
[  570] 0, 186856, 1
[  522] 0, 9564, 1
[  800] 0, 5062, 1
[    8] 0, 186855, 1
[  311] 0, 42623, 1
[ 1587] 0, 81805, 1
[ 1684] 0, 186854, 1
[ 1706] 0, 186853, 1
[ 1498] 0, 186852, 1
[ 1160] 0, 51163, 1
[  454] 0, 186851, 1
[ 1516] 0, 66781, 1
[ 1525] 0, 79800, 1
[  924] 0, 142422, 1
[T1 - LRU]
[B1 - MRU (951)]
[ 1977] 0, 123564, 2
[ 1959] 0, 21579, 2
[  633] 0, 36862, 2
[ 1867] 0, 186848, 2
[ 1058] 0, 184901, 2
[  355] 0, 186847, 2
[ 1737] 0, 184864, 2
[  536] 0, 186846, 2
[ 1445] 0, 169081, 2
[  317] 0, 186845, 2
[  592] 0, 186844, 2
[  634] 0, 8378, 2
[  705] 0, 79804, 2
[ 1756] 0, 186843, 2
[ 1110] 0, 25917, 2
[  230] 0, 59541, 2
[ 1475] 0, 186842, 2
[  758] 0, 102306, 2
[   48] 0, 125943, 2
[  132] 0, 186841, 2
[ 1284] 0, 74051, 2
[ 1649] 0, 13563, 2
[  141] 0, 127826, 2
[  888] 0, 186840, 2
[ 1834] 0, 12382, 2
[ 1063] 0, 186839, 2
[  330] 0, 1190, 2
[ 1899] 0, 126270, 2
[  203] 0, 186838, 2
[ 1401] 0, 186837, 2
[ 1809] 0, 186836, 2
[ 1934] 0, 186835, 2
[  824] 0, 186834, 2
[ 1524] 0, 13858, 2
[ 1800] 0, 127829, 2
[  429] 0, 186833, 2
[ 1838] 0, 7129, 2
[ 1946] 0, 186832, 2
[  812] 0, 186831, 2
[ 1705] 0, 156850, 2
[  667] 0, 186830, 2
[ 1742] 0, 186829, 2
[ 1121] 0, 157425, 2
[ 1185] 0, 127824, 2
[  152] 0, 124180, 2
[  982] 0, 186828, 2
[   62] 0, 186827, 2
[ 1559] 0, 108780, 2
[ 1720] 0, 186826, 2
[ 1903] 0, 50311, 2
[ 1466] 0, 6747, 2
[ 1007] 0, 186825, 2
[ 1537] 0, 186824, 2
[  560] 0, 186823, 2
[  556] 0, 186822, 2
[  100] 0, 186821, 2
[ 1557] 0, 27057, 2
[ 1471] 0, 186820, 2
[ 1860] 0, 186818, 2
[ 1673] 0, 186817, 2
[  475] 0, 186816, 2
[ 1479] 0, 186815, 2
[ 1197] 0, 186813, 2
[  865] 0, 186812, 2
[ 1635] 0, 186811, 2
[ 1200] 0, 3006, 2
[   26] 0, 186810, 2
[  725] 0, 186809, 2
[ 1998] 0, 178424, 2
[  688] 0, 68354, 2
[ 1694] 0, 5886, 2
[  801] 0, 186808, 2
[  366] 0, 186807, 2
[ 1708] 0, 186805, 2
[ 1331] 0, 5446, 2
[ 1308] 0, 5444, 2
[   46] 0, 186804, 2
[ 1470] 0, 91382, 2
[ 1519] 0, 22085, 2
[  874] 0, 186803, 2
[  243] 0, 152110, 2
[  679] 0, 127, 2
[   89] 0, 186801, 2
[ 1648] 0, 186800, 2
[  649] 0, 5376, 2
[ 1721] 0, 186799, 2
[  872] 0, 175618, 2
[  279] 0, 186798, 2
[ 1248] 0, 186797, 2
[  172] 0, 186796, 2
[ 1214] 0, 184975, 2
[ 1238] 0, 92925, 2
[  561] 0, 186795, 2
[  401] 0, 186794, 2
[  175] 0, 76454, 2
[ 1904] 0, 186793, 2
[  464] 0, 2387, 2
[ 1550] 0, 186792, 2
[ 1071] 0, 186791, 2
[ 1319] 0, 16460, 2
[  157] 0, 186790, 2
[ 1830] 0, 165090, 2
[ 1279] 0, 15743, 2
[  571] 0, 186789, 2
[  181] 0, 186788, 2
[ 1061] 0, 186787, 2
[  249] 0, 11111, 2
[  349] 0, 16273, 2
[  353] 0, 186786, 2
[ 1850] 0, 48393, 2
[ 1360] 0, 34915, 2
[  610] 0, 186785, 2
[  720] 0, 62, 2
[ 1077] 0, 5571, 2
[ 1119] 0, 186783, 2
[   86] 0, 12017, 2
[ 1966] 0, 12016, 2
[  557] 0, 95369, 2
[  621] 0, 1667, 2
[ 1655] 0, 1666, 2
[  516] 0, 186782, 2
[  185] 0, 43651, 2
[  461] 0, 186781, 2
[ 1484] 0, 186780, 2
[ 1312] 0, 186779, 2
[ 1114] 0, 186778, 2
[  552] 0, 184217, 2
[ 1472] 0, 186777, 2
[ 1661] 0, 124879, 2
[ 1987] 0, 186776, 2
[  530] 0, 186775, 2
[ 1772] 0, 1656, 2
[ 1334] 0, 1655, 2
[ 1102] 0, 186774, 2
[  854] 0, 4822, 2
[ 1983] 0, 124878, 2
[  605] 0, 379, 2
[ 1985] 0, 378, 2
[ 1113] 0, 153516, 2
[  762] 0, 369, 2
[   27] 0, 368, 2
[ 1292] 0, 5540, 2
[ 1190] 0, 186771, 2
[  632] 0, 186769, 2
[ 1003] 0, 186767, 2
[ 1937] 0, 186766, 2
[ 1542] 0, 186765, 2
[  216] 0, 186764, 2
[  829] 0, 3389, 2
[ 1726] 0, 4137, 2
[ 1365] 0, 186763, 2
[  857] 0, 36460, 2
[  497] 0, 186762, 2
[ 1981] 0, 186761, 2
[ 1267] 0, 3499, 2
[  437] 0, 186760, 2
[  989] 0, 143309, 2
[ 1856] 0, 60759, 2
[  285] 0, 9023, 2
[  721] 0, 176234, 2
[  524] 0, 186758, 2
[  198] 0, 97743, 2
[  432] 0, 186757, 2
[  144] 0, 186756, 2
[ 1523] 0, 169494, 2
[  550] 0, 186755, 2
[  214] 0, 186754, 2
[ 1814] 0, 28168, 2
[ 1396] 0, 10886, 2
[  978] 0, 8214, 2
[ 1807] 0, 186753, 2
[  471] 0, 186752, 2
[  858] 0, 48362, 2
[ 1074] 0, 120337, 2
[ 1141] 0, 186751, 2
[ 1029] 0, 3469, 2
[ 1878] 0, 186750, 2
[  367] 0, 186749, 2
[ 1276] 0, 48358, 2
[  727] 0, 1501, 2
[  977] 0, 3525, 2
[ 1871] 0, 181461, 2
[  900] 0, 186747, 2
[ 1129] 0, 4774, 2
[ 1395] 0, 186744, 2
[  851] 0, 51477, 2
[  960] 0, 3513, 2
[ 1678] 0, 156112, 2
[  182] 0, 186743, 2
[  589] 0, 177576, 2
[  477] 0, 186741, 2
[ 1417] 0, 186740, 2
[  953] 0, 186738, 2
[ 1374] 0, 92131, 2
[  241] 0, 186737, 2
[  896] 0, 186736, 2
[ 1204] 0, 35085, 2
[  559] 0, 99822, 2
[  630] 0, 916, 2
[ 1307] 0, 1571, 2
[ 1534] 0, 186734, 2
[ 1965] 0, 4753, 2
[ 1743] 0, 80425, 2
[  447] 0, 129112, 2
[ 1053] 0, 88471, 2
[ 1254] 0, 59897, 2
[ 1280] 0, 20471, 2
[  788] 0, 88863, 2
[ 1828] 0, 2812, 2
[ 1532] 0, 109721, 2
[ 1865] 0, 186733, 2
[ 1304] 0, 186732, 2
[  914] 0, 186731, 2
[ 1782] 0, 59895, 2
[  639] 0, 186730, 2
[  820] 0, 186728, 2
[ 1239] 0, 186727, 2
[ 1951] 0, 186726, 2
[ 1441] 0, 9301, 2
[ 1518] 0, 54597, 2
[ 1491] 0, 186725, 2
[  902] 0, 51308, 2
[  984] 0, 186724, 2
[ 1500] 0, 114961, 2
[ 1797] 0, 186723, 2
[  528] 0, 186722, 2
[  702] 0, 9784, 2
[   18] 0, 114958, 2
[  523] 0, 136567, 2
[ 1517] 0, 183382, 2
[  668] 0, 186721, 2
[  472] 0, 147484, 2
[ 1468] 0, 186720, 2
[  232] 0, 186719, 2
[ 1573] 0, 115668, 2
[  671] 0, 186718, 2
[   10] 0, 186717, 2
[ 1675] 0, 186716, 2
[  204] 0, 219, 2
[ 1092] 0, 186715, 2
[  863] 0, 144314, 2
[ 1232] 0, 5636, 2
[ 1576] 0, 31771, 2
[ 1006] 0, 119808, 2
[  927] 0, 8405, 2
[ 1885] 0, 186714, 2
[ 1046] 0, 186713, 2
[ 1718] 0, 186712, 2
[  328] 0, 50789, 2
[ 1089] 0, 186711, 2
[  231] 0, 186710, 2
[  604] 0, 186709, 2
[ 1291] 0, 13139, 2
[ 1837] 0, 21423, 2
[ 1879] 0, 98933, 2
[ 1461] 0, 2636, 2
[  348] 0, 186708, 2
[  259] 0, 21418, 2
[ 1685] 0, 120468, 2
[ 1631] 0, 40156, 2
[  150] 0, 186706, 2
[ 1546] 0, 47311, 2
[ 1528] 0, 186705, 2
[  652] 0, 186703, 2
[  804] 0, 127383, 2
[ 1610] 0, 186701, 2
[ 1716] 0, 47170, 2
[  601] 0, 186699, 2
[ 1133] 0, 186698, 2
[  884] 0, 49453, 2
[ 1478] 0, 186697, 2
[ 1748] 0, 20426, 2
[  371] 0, 186696, 2
[ 1698] 0, 31748, 2
[ 1207] 0, 186695, 2
[ 1099] 0, 50768, 2
[ 1380] 0, 186694, 2
[ 1303] 0, 186693, 2
[ 1042] 0, 15799, 2
[ 1148] 0, 186692, 2
[ 1652] 0, 466, 2
[ 1306] 0, 186691, 2
[  677] 0, 186690, 2
[ 1146] 0, 186689, 2
[  414] 0, 186688, 2
[ 1274] 0, 16960, 2
[  344] 0, 112027, 2
[ 1584] 0, 461, 2
[  916] 0, 29103, 2
[  308] 0, 185939, 2
[   77] 0, 186687, 2
[  155] 0, 31731, 2
[  684] 0, 186686, 2
[  300] 0, 55494, 2
[  923] 0, 186685, 2
[ 1650] 0, 182960, 2
[   17] 0, 31723, 2
[  799] 0, 48111, 2
[  680] 0, 31712, 2
[  164] 0, 48123, 2
[ 1323] 0, 175863, 2
[  503] 0, 73586, 2
[ 1839] 0, 31710, 2
[  339] 0, 175861, 2
[ 1672] 0, 186684, 2
[ 1431] 0, 186683, 2
[  188] 0, 186681, 2
[  774] 0, 186680, 2
[  565] 0, 123690, 2
[  274] 0, 186679, 2
[   73] 0, 186678, 2
[ 1347] 0, 3871, 2
[ 1174] 0, 10584, 2
[  670] 0, 13793, 2
[ 1770] 0, 186677, 2
[ 1388] 0, 186676, 2
[ 1933] 0, 26401, 2
[  907] 0, 29120, 2
[ 1639] 0, 186674, 2
[ 1411] 0, 186673, 2
[ 1902] 0, 182929, 2
[ 1611] 0, 86040, 2
[  316] 0, 143420, 2
[ 1287] 0, 186671, 2
[ 1667] 0, 13786, 2
[ 1487] 0, 9104, 2
[ 1749] 0, 182910, 2
[  381] 0, 186670, 2
[  636] 0, 186669, 2
[  766] 0, 16879, 2
[ 1112] 0, 146764, 2
[ 1208] 0, 186668, 2
[ 1155] 0, 186667, 2
[  997] 0, 154545, 2
[  840] 0, 186665, 2
[ 1175] 0, 16873, 2
[  491] 0, 186664, 2
[  810] 0, 21653, 2
[   64] 0, 50306, 2
[  351] 0, 186663, 2
[  107] 0, 186662, 2
[ 1663] 0, 16865, 2
[ 1793] 0, 186661, 2
[  468] 0, 5772, 2
[  780] 0, 186660, 2
[ 1710] 0, 186659, 2
[ 1364] 0, 186658, 2
[ 1789] 0, 186657, 2
[ 1728] 0, 19421, 2
[ 1960] 0, 186656, 2
[ 1591] 0, 186654, 2
[ 1044] 0, 44635, 2
[ 1072] 0, 186653, 2
[  921] 0, 186652, 2
[ 1009] 0, 181916, 2
[  111] 0, 186651, 2
[ 1383] 0, 40672, 2
[  710] 0, 186649, 2
[ 1439] 0, 186648, 2
[  767] 0, 186647, 2
[  919] 0, 186645, 2
[  341] 0, 186644, 2
[ 1571] 0, 53949, 2
[ 1076] 0, 186643, 2
[ 1424] 0, 186642, 2
[ 1070] 0, 186641, 2
[ 1346] 0, 3906, 2
[ 1326] 0, 119909, 2
[  166] 0, 186640, 2
[ 1137] 0, 186639, 2
[ 1202] 0, 186638, 2
[  518] 0, 4789, 2
[  646] 0, 186637, 2
[  955] 0, 186636, 2
[  264] 0, 111036, 2
[ 1327] 0, 186635, 2
[  495] 0, 186633, 2
[  807] 0, 186632, 2
[  131] 0, 4785, 2
[  513] 0, 4212, 2
[ 1494] 0, 140859, 2
[ 1253] 0, 4782, 2
[ 1565] 0, 122001, 2
[  992] 0, 186631, 2
[  448] 0, 156396, 2
[ 1135] 0, 4210, 2
[ 1948] 0, 119929, 2
[ 1036] 0, 186630, 2
[  629] 0, 4780, 2
[ 1288] 0, 186628, 2
[ 1213] 0, 186627, 2
[   98] 0, 4777, 2
[ 1191] 0, 146740, 2
[  603] 0, 1645, 2
[  277] 0, 186626, 2
[  815] 0, 119927, 2
[ 1967] 0, 186625, 2
[ 1735] 0, 146739, 2
[  576] 0, 186623, 2
[  661] 0, 186621, 2
[ 1950] 0, 79972, 2
[  782] 0, 173127, 2
[  802] 0, 186619, 2
[  212] 0, 35028, 2
[  298] 0, 186617, 2
[  405] 0, 34263, 2
[ 1575] 0, 142539, 2
[ 1176] 0, 186616, 2
[ 1617] 0, 186615, 2
[ 1002] 0, 186614, 2
[  835] 0, 35081, 2
[  418] 0, 186613, 2
[  651] 0, 186612, 2
[  590] 0, 53073, 2
[ 1597] 0, 186611, 2
[ 1801] 0, 53070, 2
[ 1585] 0, 186610, 2
[  976] 0, 16051, 2
[  789] 0, 186609, 2
[  596] 0, 186608, 2
[  578] 0, 186607, 2
[ 1027] 0, 2743, 2
[ 1300] 0, 16730, 2
[ 1769] 0, 53067, 2
[ 1560] 0, 20512, 2
[ 1054] 0, 186606, 2
[  391] 0, 186605, 2
[ 1778] 0, 177875, 2
[  783] 0, 17376, 2
[ 1353] 0, 186604, 2
[  963] 0, 186603, 2
[  771] 0, 186602, 2
[  876] 0, 44349, 2
[  718] 0, 186601, 2
[   59] 0, 186600, 2
[ 1234] 0, 112527, 2
[ 1453] 0, 133778, 2
[ 1064] 0, 5797, 2
[ 1065] 0, 186599, 2
[ 1404] 0, 117001, 2
[  337] 0, 186598, 2
[   95] 0, 59728, 2
[ 1874] 0, 186597, 2
[ 1802] 0, 167191, 2
[ 1975] 0, 186596, 2
[ 1535] 0, 186595, 2
[ 1836] 0, 186594, 2
[ 1806] 0, 166694, 2
[ 1570] 0, 186593, 2
[  891] 0, 186592, 2
[  638] 0, 166283, 2
[  755] 0, 4557, 2
[ 1168] 0, 186591, 2
[ 1714] 0, 3536, 2
[ 1847] 0, 4546, 2
[  345] 0, 162849, 2
[  127] 0, 186590, 2
[  712] 0, 186589, 2
[  373] 0, 38351, 2
[ 1823] 0, 418, 2
[  153] 0, 161419, 2
[  614] 0, 72114, 2
[ 1172] 0, 18589, 2
[  844] 0, 111595, 2
[  246] 0, 161147, 2
[  263] 0, 186588, 2
[  310] 0, 186587, 2
[  616] 0, 12699, 2
[ 1153] 0, 160767, 2
[ 1182] 0, 186586, 2
[  531] 0, 186585, 2
[ 1938] 0, 186584, 2
[  106] 0, 6655, 2
[  852] 0, 3409, 2
[  154] 0, 160527, 2
[ 1231] 0, 186583, 2
[ 1387] 0, 175, 2
[  751] 0, 3406, 2
[  233] 0, 186582, 2
[ 1338] 0, 185625, 2
[  943] 0, 186581, 2
[ 1043] 0, 3386, 2
[ 1446] 0, 159957, 2
[  445] 0, 399, 2
[ 1057] 0, 186580, 2
[  602] 0, 159498, 2
[  374] 0, 177672, 2
[ 1645] 0, 183286, 2
[  415] 0, 186579, 2
[  729] 0, 156909, 2
[ 1376] 0, 186578, 2
[  794] 0, 186577, 2
[ 1511] 0, 186576, 2
[  417] 0, 117177, 2
[  162] 0, 109822, 2
[  814] 0, 185655, 2
[  825] 0, 186575, 2
[ 1116] 0, 186574, 2
[  409] 0, 186573, 2
[ 1819] 0, 186572, 2
[  647] 0, 21733, 2
[ 1049] 0, 186571, 2
[  266] 0, 186570, 2
[ 1026] 0, 186569, 2
[   53] 0, 186568, 2
[  158] 0, 186567, 2
[  365] 0, 186566, 2
[ 1744] 0, 186565, 2
[   39] 0, 186564, 2
[  961] 0, 186563, 2
[  682] 0, 186562, 2
[ 1699] 0, 186561, 2
[  485] 0, 186560, 2
[  687] 0, 186559, 2
[ 1795] 0, 127683, 2
[  734] 0, 151752, 2
[  952] 0, 186558, 2
[  806] 0, 14497, 2
[   66] 0, 14496, 2
[ 1733] 0, 186557, 2
[  744] 0, 186556, 2
[  250] 0, 6287, 2
[   41] 0, 186555, 2
[  314] 0, 14486, 2
[ 1469] 0, 186554, 2
[  933] 0, 186553, 2
[ 1686] 0, 186552, 2
[  973] 0, 14481, 2
[  956] 0, 14479, 2
[ 1855] 0, 186551, 2
[ 1786] 0, 186550, 2
[ 1459] 0, 186549, 2
[   33] 0, 186548, 2
[ 1594] 0, 6292, 2
[  140] 0, 175272, 2
[  208] 0, 3862, 2
[  754] 0, 115379, 2
[ 1799] 0, 186547, 2
[ 1920] 0, 6274, 2
[  555] 0, 49053, 2
[  817] 0, 186546, 2
[ 1335] 0, 186544, 2
[ 1371] 0, 108326, 2
[ 1094] 0, 186543, 2
[  656] 0, 186542, 2
[  584] 0, 186541, 2
[  543] 0, 186540, 2
[ 1390] 0, 186539, 2
[  527] 0, 186538, 2
[  271] 0, 186537, 2
[  657] 0, 186536, 2
[  885] 0, 186535, 2
[ 1693] 0, 116984, 2
[  151] 0, 186534, 2
[  853] 0, 186533, 2
[  278] 0, 186532, 2
[  993] 0, 9674, 2
[ 1969] 0, 186531, 2
[ 1595] 0, 186530, 2
[  971] 0, 186529, 2
[  356] 0, 186527, 2
[  732] 0, 25771, 2
[ 1246] 0, 186526, 2
[ 1103] 0, 6897, 2
[   13] 0, 15816, 2
[  427] 0, 186525, 2
[ 1741] 0, 124964, 2
[ 1240] 0, 971, 2
[  842] 0, 186523, 2
[ 1355] 0, 179446, 2
[  436] 0, 186522, 2
[  749] 0, 186521, 2
[  218] 0, 186520, 2
[ 1764] 0, 87360, 2
[ 1310] 0, 186518, 2
[  613] 0, 141916, 2
[  433] 0, 186517, 2
[   99] 0, 11605, 2
[  470] 0, 186516, 2
[  689] 0, 86401, 2
[ 1696] 0, 186515, 2
[  683] 0, 661, 2
[ 1913] 0, 4939, 2
[  290] 0, 9456, 2
[ 1691] 0, 186514, 2
[  481] 0, 164717, 2
[ 1722] 0, 186512, 2
[  260] 0, 186511, 2
[  685] 0, 186510, 2
[  217] 0, 186509, 2
[  846] 0, 177500, 2
[  764] 0, 144843, 2
[  210] 0, 177493, 2
[ 1992] 0, 116942, 2
[  600] 0, 183092, 2
[ 1851] 0, 186508, 2
[  637] 0, 186507, 2
[ 1619] 0, 170140, 2
[ 1954] 0, 186506, 2
[  811] 0, 186505, 2
[ 1598] 0, 170138, 2
[  173] 0, 186504, 2
[  225] 0, 186502, 2
[ 1079] 0, 113681, 2
[  459] 0, 186500, 2
[  336] 0, 186499, 2
[  407] 0, 2475, 2
[  772] 0, 186497, 2
[  981] 0, 186496, 2
[ 1219] 0, 85211, 2
[  170] 0, 186495, 2
[  808] 0, 186494, 2
[ 1824] 0, 186492, 2
[ 1252] 0, 155304, 2
[ 1724] 0, 181867, 2
[ 1852] 0, 186491, 2
[ 1626] 0, 180997, 2
[    9] 0, 116989, 2
[ 1908] 0, 186490, 2
[  908] 0, 186489, 2
[  831] 0, 186488, 2
[ 1687] 0, 116928, 2
[ 1711] 0, 179417, 2
[  709] 0, 133275, 2
[  529] 0, 186487, 2
[  568] 0, 4256, 2
[   25] 0, 148282, 2
[  408] 0, 77782, 2
[ 1188] 0, 180533, 2
[  327] 0, 186486, 2
[ 1138] 0, 34141, 2
[  769] 0, 186485, 2
[ 1976] 0, 186484, 2
[ 1296] 0, 128804, 2
[  442] 0, 15684, 2
[  239] 0, 132053, 2
[ 1629] 0, 186483, 2
[  899] 0, 186482, 2
[ 1357] 0, 22170, 2
[ 1689] 0, 186481, 2
[ 1940] 0, 186480, 2
[ 1558] 0, 13256, 2
[  142] 0, 186479, 2
[  995] 0, 137, 2
[ 1433] 0, 186478, 2
[  880] 0, 13273, 2
[ 1179] 0, 186477, 2
[  690] 0, 186476, 2
[  333] 0, 186475, 2
[ 1067] 0, 47836, 2
[  586] 0, 125317, 2
[  837] 0, 186473, 2
[  165] 0, 186472, 2
[ 1608] 0, 144248, 2
[ 1545] 0, 186471, 2
[   51] 0, 186470, 2
[ 1502] 0, 186469, 2
[ 1766] 0, 186468, 2
[ 1740] 0, 186466, 2
[  553] 0, 186465, 2
[  635] 0, 1866, 2
[ 1794] 0, 186464, 2
[  388] 0, 48975, 2
[ 1589] 0, 186463, 2
[ 1419] 0, 16032, 2
[ 1725] 0, 186462, 2
[  201] 0, 125801, 2
[ 1386] 0, 64358, 2
[  293] 0, 91497, 2
[  730] 0, 81129, 2
[  136] 0, 186461, 2
[ 1779] 0, 186459, 2
[ 1883] 0, 186458, 2
[  261] 0, 19464, 2
[ 1752] 0, 186457, 2
[ 1582] 0, 15561, 2
[ 1490] 0, 186456, 2
[  395] 0, 155019, 2
[  648] 0, 183581, 2
[  786] 0, 3024, 2
[ 1736] 0, 85, 2
[ 1298] 0, 84, 2
[ 1325] 0, 185255, 2
[ 1887] 0, 82494, 2
[ 1564] 0, 3023, 2
[  803] 0, 45103, 2
[ 1958] 0, 171549, 2
[  354] 0, 41445, 2
[ 1156] 0, 186454, 2
[ 1869] 0, 82, 2
[  501] 0, 81, 2
[  868] 0, 231, 2
[  770] 0, 230, 2
[  458] 0, 186453, 2
[ 1476] 0, 183586, 2
[ 1481] 0, 186451, 2
[  334] 0, 186450, 2
[ 1669] 0, 186449, 2
[  482] 0, 85268, 2
[  669] 0, 20560, 2
[ 1680] 0, 70553, 2
[   16] 0, 31101, 2
[  593] 0, 24041, 2
[ 1688] 0, 85265, 2
[ 1792] 0, 89947, 2
[ 1798] 0, 169466, 2
[ 1848] 0, 186447, 2
[ 1501] 0, 85262, 2
[ 1935] 0, 113347, 2
[  756] 0, 186446, 2
[ 1123] 0, 186444, 2
[ 1455] 0, 186443, 2
[ 1096] 0, 85259, 2
[  768] 0, 113346, 2
[ 1717] 0, 186442, 2
[  383] 0, 8375, 2
[ 1968] 0, 54451, 2
[  954] 0, 85257, 2
[ 1482] 0, 186441, 2
[  655] 0, 113342, 2
[ 1499] 0, 186440, 2
[ 1051] 0, 93384, 2
[  736] 0, 186439, 2
[  321] 0, 35171, 2
[  666] 0, 26279, 2
[  934] 0, 33568, 2
[ 1803] 0, 85254, 2
[  595] 0, 113340, 2
[ 1228] 0, 186438, 2
[  240] 0, 43727, 2
[  115] 0, 113344, 2
[ 1755] 0, 85251, 2
[  411] 0, 186437, 2
[ 1019] 0, 107010, 2
[  469] 0, 186436, 2
[  573] 0, 85250, 2
[ 1753] 0, 186435, 2
[  392] 0, 186434, 2
[  785] 0, 186433, 2
[ 1818] 0, 77914, 2
[ 1906] 0, 51839, 2
[  773] 0, 186432, 2
[  948] 0, 4672, 2
[  419] 0, 186430, 2
[ 1143] 0, 186429, 2
[  839] 0, 186428, 2
[  295] 0, 143746, 2
[ 1474] 0, 186426, 2
[ 1269] 0, 186425, 2
[  645] 0, 186424, 2
[ 1464] 0, 186423, 2
[  906] 0, 186422, 2
[   30] 0, 186421, 2
[ 1293] 0, 186420, 2
[  912] 0, 186419, 2
[ 1402] 0, 113629, 2
[  386] 0, 186418, 2
[  179] 0, 186417, 2
[  138] 0, 186416, 2
[  455] 0, 186415, 2
[  672] 0, 186414, 2
[ 1526] 0, 86267, 2
[  479] 0, 186413, 2
[ 1544] 0, 11573, 2
[ 1739] 0, 186412, 2
[ 1760] 0, 49396, 2
[ 1412] 0, 186411, 2
[ 1662] 0, 52059, 2
[ 1690] 0, 27054, 2
[  870] 0, 186410, 2
[  640] 0, 52999, 2
[  968] 0, 186409, 2
[  859] 0, 21755, 2
[  102] 0, 18523, 2
[  473] 0, 186408, 2
[ 1628] 0, 186407, 2
[ 1863] 0, 12330, 2
[  949] 0, 1012, 2
[ 1313] 0, 41499, 2
[  942] 0, 18513, 2
[  597] 0, 186406, 2
[ 1449] 0, 120405, 2
[ 1813] 0, 148879, 2
[ 1832] 0, 32898, 2
[  566] 0, 28817, 2
[  776] 0, 125967, 2
[  809] 0, 32999, 2
[  421] 0, 186404, 2
[  202] 0, 186403, 2
[ 1273] 0, 186402, 2
[ 1349] 0, 186401, 2
[  740] 0, 186400, 2
[ 1173] 0, 186399, 2
[ 1930] 0, 186398, 2
[ 1644] 0, 186397, 2
[ 1199] 0, 72740, 2
[  587] 0, 186396, 2
[  752] 0, 9726, 2
[ 1905] 0, 186395, 2
[  449] 0, 186394, 2
[ 1432] 0, 186393, 2
[  877] 0, 14530, 2
[  380] 0, 186392, 2
[   87] 0, 186391, 2
[  875] 0, 186390, 2
[  798] 0, 66100, 2
[  606] 0, 186389, 2
[  304] 0, 9715, 2
[ 1154] 0, 186388, 2
[  145] 0, 21000, 2
[  382] 0, 186387, 2
[ 1776] 0, 186386, 2
[  539] 0, 2712, 2
[ 1862] 0, 9710, 2
[  206] 0, 26396, 2
[  494] 0, 186385, 2
[ 1773] 0, 9613, 2
[ 1023] 0, 186384, 2
[  664] 0, 186383, 2
[ 1713] 0, 186382, 2
[  745] 0, 186381, 2
[   65] 0, 186380, 2
[ 1297] 0, 9705, 2
[ 1897] 0, 186378, 2
[ 1567] 0, 28259, 2
[  731] 0, 186377, 2
[ 1765] 0, 110491, 2
[  488] 0, 186376, 2
[ 1375] 0, 9693, 2
[  194] 0, 186375, 2
[ 1999] 0, 186374, 2
[  747] 0, 121050, 2
[ 1222] 0, 33015, 2
[ 1723] 0, 186373, 2
[ 1572] 0, 9677, 2
[  318] 0, 136425, 2
[ 1217] 0, 186372, 2
[ 1630] 0, 186371, 2
[ 1017] 0, 9669, 2
[   91] 0, 186370, 2
[  483] 0, 183395, 2
[ 1555] 0, 186369, 2
[  422] 0, 3767, 2
[ 1653] 0, 2298, 2
[ 1270] 0, 80790, 2
[  996] 0, 80789, 2
[ 1382] 0, 131434, 2
[  128] 0, 186367, 2
[  253] 0, 186366, 2
[ 1463] 0, 186365, 2
[ 1196] 0, 1791, 2
[  517] 0, 186364, 2
[ 1394] 0, 1028, 2
[  385] 0, 32089, 2
[ 1638] 0, 17519, 2
[   52] 0, 44706, 2
[ 1322] 0, 44705, 2
[  704] 0, 131495, 2
[ 1348] 0, 186363, 2
[ 1337] 0, 186362, 2
[ 1750] 0, 46371, 2
[  925] 0, 6541, 2
[ 1262] 0, 20845, 2
[  269] 0, 20844, 2
[  849] 0, 176992, 2
[ 1829] 0, 140446, 2
[ 1659] 0, 147917, 2
[ 1751] 0, 20839, 2
[  390] 0, 20838, 2
[  506] 0, 97720, 2
[  466] 0, 186360, 2
[  915] 0, 186359, 2
[ 1377] 0, 186358, 2
[  826] 0, 45420, 2
[  121] 0, 159860, 2
[ 1272] 0, 148684, 2
[  496] 0, 186357, 2
[ 1465] 0, 163924, 2
[ 1754] 0, 93755, 2
[ 1997] 0, 159342, 2
[  675] 0, 116249, 2
[  618] 0, 186356, 2
[ 1763] 0, 163919, 2
[ 1434] 0, 9000, 2
[ 1299] 0, 8999, 2
[ 1083] 0, 186355, 2
[  743] 0, 545, 2
[  125] 0, 186354, 2
[ 1062] 0, 161000, 2
[  775] 0, 6111, 2
[  845] 0, 6110, 2
[ 1069] 0, 541, 2
[ 1548] 0, 83004, 2
[ 1496] 0, 186353, 2
[  856] 0, 2289, 2
[  959] 0, 2288, 2
[ 1872] 0, 10232, 2
[ 1339] 0, 5106, 2
[ 1385] 0, 51148, 2
[ 1343] 0, 18448, 2
[ 1569] 0, 6108, 2
[  420] 0, 6107, 2
[ 1237] 0, 186350, 2
[ 1098] 0, 186349, 2
[ 1361] 0, 186348, 2
[  252] 0, 186347, 2
[ 1602] 0, 186346, 2
[  148] 0, 186345, 2
[  360] 0, 1903, 2
[ 1090] 0, 186344, 2
[ 1566] 0, 186343, 2
[  322] 0, 173515, 2
[  122] 0, 5896, 2
[ 1620] 0, 2853, 2
[    1] 0, 186342, 2
[  340] 0, 130799, 2
[ 1220] 0, 147959, 2
[  219] 0, 172362, 2
[ 1363] 0, 186340, 2
[ 1866] 0, 42106, 2
[  187] 0, 186339, 2
[  830] 0, 186338, 2
[ 1403] 0, 48494, 2
[ 1084] 0, 2512, 2
[ 1703] 0, 186337, 2
[ 1925] 0, 69753, 2
[  286] 0, 186336, 2
[  110] 0, 155786, 2
[    6] 0, 186335, 2
[ 1370] 0, 186334, 2
[  980] 0, 119055, 2
[ 1787] 0, 44844, 2
[  706] 0, 4666, 2
[ 1944] 0, 52753, 2
[  562] 0, 186332, 2
[ 1657] 0, 59373, 2
[  886] 0, 115491, 2
[   57] 0, 1998, 2
[  818] 0, 2661, 2
[  938] 0, 50315, 2
[ 1995] 0, 1365, 2
[  248] 0, 3901, 2
[ 1827] 0, 186331, 2
[  282] 0, 186330, 2
[  615] 0, 177734, 2
[  564] 0, 12994, 2
[ 1881] 0, 169291, 2
[  438] 0, 125290, 2
[  237] 0, 186329, 2
[ 1169] 0, 158595, 2
[  625] 0, 90972, 2
[B1 - LRU]
---------------------------------------------

[node 0]
ram_reads = 36491
ram_writes = 520657
ssd_reads = 0
ssd_writes = 0
hdd_reads = 520657
hdd_writes = 0
cache_hits = 36491
cache_misses = 520657
cache_replacements = 519657
cache status --------------------------------
MRU
[    0] 0, 186880, 520656
[    1] 0, 36443, 520655
[    2] 0, 10548, 520654
[    3] 0, 186879, 520653
[    4] 0, 186878, 520652
[    5] 0, 186877, 520651
[    6] 0, 99074, 520650
[    7] 0, 186876, 520649
[    8] 0, 186875, 520648
[    9] 0, 186874, 520647
[   10] 0, 186873, 520646
[   11] 0, 185493, 520645
[   12] 0, 186872, 520644
[   13] 0, 186871, 520643
[   14] 0, 5058, 520642
[   15] 0, 10560, 520641
[   16] 0, 3728, 520640
[   17] 0, 186870, 520639
[   18] 0, 186869, 520638
[   19] 0, 10556, 520637
[   20] 0, 186868, 520636
[   21] 0, 186867, 520635
[   22] 0, 8689, 520634
[   23] 0, 185457, 520633
[   24] 0, 186866, 520632
[   25] 0, 186865, 520631
[   26] 0, 86721, 520630
[   27] 0, 186864, 520629
[   28] 0, 186863, 520628
[   29] 0, 48748, 520627
[   30] 0, 186862, 520626
[   31] 0, 186814, 520524
[   32] 0, 186861, 520625
[   33] 0, 4497, 520624
[   34] 0, 24003, 520623
[   35] 0, 186860, 520622
[   36] 0, 42196, 520621
[   37] 0, 30788, 520620
[   38] 0, 121866, 520619
[   39] 0, 67384, 520618
[   40] 0, 186859, 520617
[   41] 0, 186858, 520616
[   42] 0, 34184, 520615
[   43] 0, 34088, 520515
[   44] 0, 59277, 520614
[   45] 0, 149550, 520613
[   46] 0, 59139, 520612
[   47] 0, 186857, 520611
[   48] 0, 15557, 520610
[   49] 0, 186856, 520609
[   50] 0, 9564, 520608
[   51] 0, 5062, 520607
[   52] 0, 186855, 520606
[   53] 0, 42623, 520605
[   54] 0, 81805, 520604
[   55] 0, 186854, 520603
[   56] 0, 186819, 520530
[   57] 0, 59290, 520602
[   58] 0, 186853, 520601
[   59] 0, 186852, 520600
[   60] 0, 51163, 520599
[   61] 0, 1224, 520110
[   62] 0, 186851, 520598
[   63] 0, 186850, 520597
[   64] 0, 66781, 520596
[   65] 0, 79800, 520595
[   66] 0, 142422, 520594
[   67] 0, 123564, 520593
[   68] 0, 21579, 520592
[   69] 0, 36862, 520591
[   70] 0, 186849, 520590
[   71] 0, 186848, 520589
[   72] 0, 184901, 520588
[   73] 0, 186847, 520587
[   74] 0, 184864, 520586
[   75] 0, 186846, 520585
[   76] 0, 169081, 520584
[   77] 0, 178120, 520583
[   78] 0, 186845, 520582
[   79] 0, 186844, 520581
[   80] 0, 8378, 520580
[   81] 0, 53361, 520579
[   82] 0, 79804, 520578
[   83] 0, 186843, 520577
[   84] 0, 25917, 520576
[   85] 0, 59541, 520575
[   86] 0, 186842, 520574
[   87] 0, 102306, 520573
[   88] 0, 125943, 520572
[   89] 0, 186841, 520571
[   90] 0, 5207, 520570
[   91] 0, 74051, 520569
[   92] 0, 13563, 520568
[   93] 0, 127826, 520567
[   94] 0, 186840, 520566
[   95] 0, 12382, 520565
[   96] 0, 186839, 520564
[   97] 0, 1190, 520563
[   98] 0, 126270, 520562
[   99] 0, 186838, 520561
[  100] 0, 186837, 520560
[  101] 0, 31738, 520258
[  102] 0, 186836, 520559
[  103] 0, 186835, 520558
[  104] 0, 6000, 520134
[  105] 0, 186834, 520557
[  106] 0, 13858, 520556
[  107] 0, 127829, 520555
[  108] 0, 186833, 520554
[  109] 0, 7129, 520553
[  110] 0, 186832, 520552
[  111] 0, 186831, 520551
[  112] 0, 156850, 520550
[  113] 0, 186830, 520549
[  114] 0, 186829, 520548
[  115] 0, 157425, 520547
[  116] 0, 127824, 520546
[  117] 0, 124180, 520545
[  118] 0, 186828, 520544
[  119] 0, 186827, 520543
[  120] 0, 108780, 520542
[  121] 0, 186826, 520541
[  122] 0, 125697, 520540
[  123] 0, 50311, 520539
[  124] 0, 6747, 520538
[  125] 0, 186825, 520537
[  126] 0, 186824, 520536
[  127] 0, 186823, 520535
[  128] 0, 186822, 520534
[  129] 0, 186821, 520533
[  130] 0, 27057, 520532
[  131] 0, 186820, 520531
[  132] 0, 186818, 520529
[  133] 0, 186817, 520528
[  134] 0, 186816, 520527
[  135] 0, 186815, 520526
[  136] 0, 153970, 519725
[  137] 0, 8329, 520525
[  138] 0, 186813, 520523
[  139] 0, 186812, 520522
[  140] 0, 186811, 520521
[  141] 0, 3006, 520520
[  142] 0, 3031, 520440
[  143] 0, 186810, 520519
[  144] 0, 186809, 520518
[  145] 0, 186748, 520385
[  146] 0, 178424, 520517
[  147] 0, 68354, 520516
[  148] 0, 5886, 520514
[  149] 0, 186808, 520513
[  150] 0, 186807, 520512
[  151] 0, 186806, 520511
[  152] 0, 186805, 520510
[  153] 0, 119930, 520509
[  154] 0, 5446, 520508
[  155] 0, 186772, 520431
[  156] 0, 5444, 520507
[  157] 0, 186804, 520506
[  158] 0, 91382, 520505
[  159] 0, 22085, 520504
[  160] 0, 186803, 520503
[  161] 0, 186768, 520427
[  162] 0, 152110, 520502
[  163] 0, 127, 520501
[  164] 0, 186802, 520500
[  165] 0, 186801, 520499
[  166] 0, 186800, 520498
[  167] 0, 5376, 520497
[  168] 0, 3418, 520402
[  169] 0, 186799, 520496
[  170] 0, 175618, 520495
[  171] 0, 186798, 520494
[  172] 0, 33374, 520493
[  173] 0, 186797, 520492
[  174] 0, 186796, 520491
[  175] 0, 184948, 520438
[  176] 0, 184975, 520490
[  177] 0, 175602, 520489
[  178] 0, 92925, 520488
[  179] 0, 186795, 520487
[  180] 0, 186794, 520486
[  181] 0, 76454, 520485
[  182] 0, 186793, 520484
[  183] 0, 2387, 520483
[  184] 0, 2543, 520399
[  185] 0, 186792, 520482
[  186] 0, 186791, 520481
[  187] 0, 16460, 520480
[  188] 0, 186790, 520479
[  189] 0, 165090, 520478
[  190] 0, 15743, 520477
[  191] 0, 186789, 520476
[  192] 0, 186788, 520475
[  193] 0, 186787, 520474
[  194] 0, 11111, 520473
[  195] 0, 16273, 520472
[  196] 0, 64180, 519736
[  197] 0, 186786, 520471
[  198] 0, 48393, 520470
[  199] 0, 34915, 520469
[  200] 0, 186785, 520468
[  201] 0, 62, 520467
[  202] 0, 5571, 520466
[  203] 0, 186784, 520465
[  204] 0, 58, 519841
[  205] 0, 186783, 520464
[  206] 0, 12017, 520463
[  207] 0, 12016, 520462
[  208] 0, 95369, 520461
[  209] 0, 1667, 520460
[  210] 0, 1666, 520459
[  211] 0, 186782, 520458
[  212] 0, 43651, 520457
[  213] 0, 186781, 520456
[  214] 0, 186780, 520455
[  215] 0, 186779, 520454
[  216] 0, 165091, 520453
[  217] 0, 186778, 520452
[  218] 0, 184217, 520451
[  219] 0, 186777, 520450
[  220] 0, 124879, 520449
[  221] 0, 48402, 520448
[  222] 0, 186776, 520447
[  223] 0, 186775, 520446
[  224] 0, 1656, 520445
[  225] 0, 1655, 520444
[  226] 0, 186774, 520443
[  227] 0, 4822, 520442
[  228] 0, 186773, 520441
[  229] 0, 124878, 520439
[  230] 0, 379, 520437
[  231] 0, 378, 520436
[  232] 0, 153516, 520435
[  233] 0, 369, 520434
[  234] 0, 368, 520433
[  235] 0, 5540, 520432
[  236] 0, 186771, 520430
[  237] 0, 186770, 520429
[  238] 0, 186769, 520428
[  239] 0, 186767, 520426
[  240] 0, 186766, 520425
[  241] 0, 186765, 520424
[  242] 0, 186764, 520423
[  243] 0, 3389, 520422
[  244] 0, 183472, 520421
[  245] 0, 4137, 520420
[  246] 0, 186763, 520419
[  247] 0, 36460, 520418
[  248] 0, 186762, 520417
[  249] 0, 186761, 520416
[  250] 0, 3499, 520415
[  251] 0, 8225, 520414
[  252] 0, 186760, 520413
[  253] 0, 186759, 520412
[  254] 0, 143309, 520411
[  255] 0, 60759, 520410
[  256] 0, 9023, 520409
[  257] 0, 176234, 520408
[  258] 0, 186758, 520407
[  259] 0, 97783, 520308
[  260] 0, 97743, 520406
[  261] 0, 49076, 520347
[  262] 0, 186757, 520405
[  263] 0, 186756, 520404
[  264] 0, 169494, 520403
[  265] 0, 186755, 520401
[  266] 0, 186754, 520400
[  267] 0, 28168, 520398
[  268] 0, 10886, 520397
[  269] 0, 8214, 520396
[  270] 0, 186753, 520395
[  271] 0, 186752, 520394
[  272] 0, 48362, 520393
[  273] 0, 120337, 520392
[  274] 0, 186751, 520391
[  275] 0, 3469, 520390
[  276] 0, 186750, 520389
[  277] 0, 186749, 520388
[  278] 0, 48358, 520387
[  279] 0, 1501, 520386
[  280] 0, 3525, 520384
[  281] 0, 181461, 520383
[  282] 0, 186747, 520382
[  283] 0, 4774, 520381
[  284] 0, 120814, 520380
[  285] 0, 186746, 520379
[  286] 0, 186745, 520378
[  287] 0, 186744, 520377
[  288] 0, 51477, 520376
[  289] 0, 3513, 520375
[  290] 0, 156112, 520374
[  291] 0, 186743, 520373
[  292] 0, 177576, 520372
[  293] 0, 120813, 520371
[  294] 0, 186742, 520370
[  295] 0, 186741, 520369
[  296] 0, 186740, 520368
[  297] 0, 186739, 520367
[  298] 0, 137795, 520366
[  299] 0, 186738, 520365
[  300] 0, 92131, 520364
[  301] 0, 186737, 520363
[  302] 0, 181473, 520362
[  303] 0, 186736, 520361
[  304] 0, 156113, 520360
[  305] 0, 186735, 520359
[  306] 0, 35085, 520358
[  307] 0, 99822, 520357
[  308] 0, 916, 520356
[  309] 0, 1571, 520355
[  310] 0, 186734, 520354
[  311] 0, 166063, 520353
[  312] 0, 4753, 520352
[  313] 0, 80425, 520351
[  314] 0, 129112, 520350
[  315] 0, 88471, 520349
[  316] 0, 59897, 520348
[  317] 0, 20471, 520346
[  318] 0, 88863, 520345
[  319] 0, 2812, 520344
[  320] 0, 109721, 520343
[  321] 0, 186733, 520342
[  322] 0, 186732, 520341
[  323] 0, 186731, 520340
[  324] 0, 59895, 520339
[  325] 0, 186730, 520338
[  326] 0, 186729, 520337
[  327] 0, 186728, 520336
[  328] 0, 186727, 520335
[  329] 0, 186726, 520334
[  330] 0, 9301, 520333
[  331] 0, 54597, 520332
[  332] 0, 186725, 520331
[  333] 0, 166074, 520330
[  334] 0, 51308, 520329
[  335] 0, 186724, 520328
[  336] 0, 114961, 520327
[  337] 0, 186723, 520326
[  338] 0, 186722, 520325
[  339] 0, 5972, 520324
[  340] 0, 9784, 520323
[  341] 0, 114958, 520322
[  342] 0, 136567, 520321
[  343] 0, 183382, 520320
[  344] 0, 120811, 519348
[  345] 0, 186721, 520319
[  346] 0, 147484, 520318
[  347] 0, 186720, 520317
[  348] 0, 186719, 520316
[  349] 0, 115668, 520315
[  350] 0, 186718, 520314
[  351] 0, 186717, 520313
[  352] 0, 186716, 520312
[  353] 0, 120809, 519340
[  354] 0, 219, 520311
[  355] 0, 186715, 520310
[  356] 0, 85272, 519779
[  357] 0, 2892, 520309
[  358] 0, 144314, 520307
[  359] 0, 5636, 520306
[  360] 0, 31771, 520305
[  361] 0, 85236, 519714
[  362] 0, 119808, 520304
[  363] 0, 8405, 520303
[  364] 0, 186714, 520302
[  365] 0, 186713, 520301
[  366] 0, 186712, 520300
[  367] 0, 50789, 520299
[  368] 0, 186711, 520298
[  369] 0, 186710, 520297
[  370] 0, 186709, 520296
[  371] 0, 13139, 520295
[  372] 0, 21423, 520294
[  373] 0, 89869, 520293
[  374] 0, 98933, 520292
[  375] 0, 2636, 520291
[  376] 0, 186708, 520290
[  377] 0, 21418, 520289
[  378] 0, 120468, 520288
[  379] 0, 186707, 520287
[  380] 0, 31795, 520286
[  381] 0, 40156, 520285
[  382] 0, 186706, 520284
[  383] 0, 47311, 520283
[  384] 0, 186705, 520282
[  385] 0, 186704, 520281
[  386] 0, 186703, 520280
[  387] 0, 186702, 520279
[  388] 0, 127383, 520278
[  389] 0, 186701, 520277
[  390] 0, 47170, 520276
[  391] 0, 186700, 520275
[  392] 0, 13915, 519375
[  393] 0, 186699, 520274
[  394] 0, 186698, 520273
[  395] 0, 49453, 520272
[  396] 0, 186697, 520271
[  397] 0, 20426, 520270
[  398] 0, 186696, 520269
[  399] 0, 31748, 520268
[  400] 0, 186695, 520267
[  401] 0, 50768, 520266
[  402] 0, 186694, 520265
[  403] 0, 186693, 520264
[  404] 0, 15799, 520263
[  405] 0, 186692, 520262
[  406] 0, 466, 520261
[  407] 0, 186691, 520260
[  408] 0, 186690, 520259
[  409] 0, 186689, 520257
[  410] 0, 186688, 520256
[  411] 0, 16960, 520255
[  412] 0, 112027, 520254
[  413] 0, 461, 520253
[  414] 0, 29103, 520252
[  415] 0, 185939, 520251
[  416] 0, 186687, 520250
[  417] 0, 31731, 520249
[  418] 0, 186686, 520248
[  419] 0, 55494, 520247
[  420] 0, 532, 519866
[  421] 0, 529, 520246
[  422] 0, 186685, 520245
[  423] 0, 182960, 520244
[  424] 0, 31723, 520243
[  425] 0, 71457, 520242
[  426] 0, 48111, 520241
[  427] 0, 31712, 520240
[  428] 0, 48123, 520239
[  429] 0, 175863, 520238
[  430] 0, 16943, 520237
[  431] 0, 73586, 520236
[  432] 0, 29162, 520235
[  433] 0, 31710, 520234
[  434] 0, 175861, 520233
[  435] 0, 186684, 520232
[  436] 0, 20478, 520231
[  437] 0, 186683, 520230
[  438] 0, 186682, 520229
[  439] 0, 20473, 520228
[  440] 0, 186681, 520227
[  441] 0, 186680, 520226
[  442] 0, 123690, 520225
[  443] 0, 186679, 520224
[  444] 0, 186678, 520223
[  445] 0, 186620, 520117
[  446] 0, 3871, 520222
[  447] 0, 10584, 520221
[  448] 0, 13793, 520220
[  449] 0, 186677, 520219
[  450] 0, 186676, 520218
[  451] 0, 26401, 520217
[  452] 0, 186675, 520216
[  453] 0, 29120, 520215
[  454] 0, 186674, 520214
[  455] 0, 186673, 520213
[  456] 0, 182929, 520212
[  457] 0, 186672, 520211
[  458] 0, 86040, 520210
[  459] 0, 143420, 520209
[  460] 0, 186671, 520208
[  461] 0, 13786, 520207
[  462] 0, 9104, 520206
[  463] 0, 182910, 520205
[  464] 0, 186670, 520204
[  465] 0, 186669, 520203
[  466] 0, 16879, 520202
[  467] 0, 146764, 520201
[  468] 0, 186668, 520200
[  469] 0, 186667, 520199
[  470] 0, 186666, 520198
[  471] 0, 154545, 520197
[  472] 0, 186665, 520196
[  473] 0, 16873, 520195
[  474] 0, 186664, 520194
[  475] 0, 21653, 520193
[  476] 0, 50306, 520192
[  477] 0, 186663, 520191
[  478] 0, 186662, 520190
[  479] 0, 16865, 520189
[  480] 0, 186661, 520188
[  481] 0, 8195, 520114
[  482] 0, 5772, 520187
[  483] 0, 186660, 520186
[  484] 0, 186659, 520185
[  485] 0, 88699, 520184
[  486] 0, 186658, 520183
[  487] 0, 186657, 520182
[  488] 0, 186624, 520121
[  489] 0, 19421, 520181
[  490] 0, 186656, 520180
[  491] 0, 186655, 520179
[  492] 0, 186654, 520178
[  493] 0, 44635, 520177
[  494] 0, 186653, 520176
[  495] 0, 186652, 520175
[  496] 0, 181916, 520174
[  497] 0, 186651, 520173
[  498] 0, 40672, 520172
[  499] 0, 186650, 520171
[  500] 0, 186649, 520170
[  501] 0, 186648, 520169
[  502] 0, 186647, 520168
[  503] 0, 186646, 520167
[  504] 0, 186645, 520166
[  505] 0, 186644, 520165
[  506] 0, 53949, 520164
[  507] 0, 186643, 520163
[  508] 0, 127071, 520162
[  509] 0, 186642, 520161
[  510] 0, 186618, 520111
[  511] 0, 186641, 520160
[  512] 0, 3906, 520159
[  513] 0, 119909, 520158
[  514] 0, 186640, 520157
[  515] 0, 186639, 520156
[  516] 0, 186638, 520155
[  517] 0, 4789, 520154
[  518] 0, 186637, 520153
[  519] 0, 186636, 520152
[  520] 0, 111036, 520151
[  521] 0, 186635, 520150
[  522] 0, 186634, 520149
[  523] 0, 186633, 520148
[  524] 0, 186632, 520147
[  525] 0, 4785, 520146
[  526] 0, 4212, 520145
[  527] 0, 140859, 520144
[  528] 0, 4782, 520143
[  529] 0, 122001, 520142
[  530] 0, 186631, 520141
[  531] 0, 25193, 520140
[  532] 0, 88695, 520139
[  533] 0, 156396, 520138
[  534] 0, 4210, 520137
[  535] 0, 185730, 520136
[  536] 0, 119929, 520135
[  537] 0, 186630, 520133
[  538] 0, 4780, 520132
[  539] 0, 186629, 520131
[  540] 0, 186628, 520130
[  541] 0, 186627, 520129
[  542] 0, 4777, 520128
[  543] 0, 146740, 520127
[  544] 0, 1645, 520126
[  545] 0, 186626, 520125
[  546] 0, 119927, 520124
[  547] 0, 186625, 520123
[  548] 0, 146739, 520122
[  549] 0, 186623, 520120
[  550] 0, 186622, 520119
[  551] 0, 186621, 520118
[  552] 0, 79972, 520116
[  553] 0, 173127, 520115
[  554] 0, 186619, 520113
[  555] 0, 35028, 520112
[  556] 0, 186617, 520109
[  557] 0, 34263, 520108
[  558] 0, 142539, 520107
[  559] 0, 186616, 520106
[  560] 0, 186615, 520105
[  561] 0, 186614, 520104
[  562] 0, 35081, 520103
[  563] 0, 186613, 520102
[  564] 0, 186612, 520101
[  565] 0, 53073, 520100
[  566] 0, 186611, 520099
[  567] 0, 53070, 520098
[  568] 0, 186610, 520097
[  569] 0, 16051, 520096
[  570] 0, 186609, 520095
[  571] 0, 186608, 520094
[  572] 0, 186607, 520093
[  573] 0, 2743, 520092
[  574] 0, 16730, 520091
[  575] 0, 53067, 520090
[  576] 0, 20577, 520009
[  577] 0, 20512, 520089
[  578] 0, 186606, 520088
[  579] 0, 186605, 520087
[  580] 0, 177875, 520086
[  581] 0, 17376, 520085
[  582] 0, 186604, 520084
[  583] 0, 186603, 520083
[  584] 0, 159172, 520018
[  585] 0, 186602, 520082
[  586] 0, 44349, 520081
[  587] 0, 186601, 520080
[  588] 0, 186600, 520079
[  589] 0, 112527, 520078
[  590] 0, 142482, 520077
[  591] 0, 34936, 520076
[  592] 0, 133778, 520075
[  593] 0, 5797, 520074
[  594] 0, 186599, 520073
[  595] 0, 117113, 519984
[  596] 0, 117001, 520072
[  597] 0, 186598, 520071
[  598] 0, 59728, 520070
[  599] 0, 186597, 520069
[  600] 0, 167191, 520068
[  601] 0, 186596, 520067
[  602] 0, 105108, 519979
[  603] 0, 186595, 520066
[  604] 0, 14485, 519982
[  605] 0, 186594, 520065
[  606] 0, 166694, 520064
[  607] 0, 186593, 520063
[  608] 0, 186545, 519961
[  609] 0, 186592, 520062
[  610] 0, 166283, 520061
[  611] 0, 4557, 520060
[  612] 0, 14482, 519977
[  613] 0, 186591, 520059
[  614] 0, 3536, 520058
[  615] 0, 4546, 520057
[  616] 0, 162849, 520056
[  617] 0, 186590, 520055
[  618] 0, 186589, 520054
[  619] 0, 38351, 520053
[  620] 0, 418, 520052
[  621] 0, 14478, 519974
[  622] 0, 161419, 520051
[  623] 0, 72114, 520050
[  624] 0, 18589, 520049
[  625] 0, 111595, 520048
[  626] 0, 161147, 520047
[  627] 0, 186588, 520046
[  628] 0, 186587, 520045
[  629] 0, 12699, 520044
[  630] 0, 160767, 520043
[  631] 0, 186586, 520042
[  632] 0, 186585, 520041
[  633] 0, 186528, 519940
[  634] 0, 186584, 520040
[  635] 0, 9675, 519945
[  636] 0, 186379, 519627
[  637] 0, 6655, 520039
[  638] 0, 3409, 520038
[  639] 0, 160527, 520037
[  640] 0, 186583, 520036
[  641] 0, 175, 520035
[  642] 0, 3406, 520034
[  643] 0, 186582, 520033
[  644] 0, 186519, 519925
[  645] 0, 185625, 520032
[  646] 0, 186581, 520031
[  647] 0, 3386, 520030
[  648] 0, 159957, 520029
[  649] 0, 399, 520028
[  650] 0, 186580, 520027
[  651] 0, 159498, 520026
[  652] 0, 177672, 520025
[  653] 0, 183286, 520024
[  654] 0, 186524, 519933
[  655] 0, 186579, 520023
[  656] 0, 156909, 520022
[  657] 0, 186578, 520021
[  658] 0, 83125, 520020
[  659] 0, 186577, 520019
[  660] 0, 186576, 520017
[  661] 0, 117177, 520016
[  662] 0, 117049, 519892
[  663] 0, 109822, 520015
[  664] 0, 185655, 520014
[  665] 0, 186575, 520013
[  666] 0, 186503, 519889
[  667] 0, 186574, 520012
[  668] 0, 186573, 520011
[  669] 0, 186572, 520010
[  670] 0, 5030, 520008
[  671] 0, 21733, 520007
[  672] 0, 186571, 520006
[  673] 0, 186493, 519875
[  674] 0, 186570, 520005
[  675] 0, 186569, 520004
[  676] 0, 186568, 520003
[  677] 0, 186501, 519885
[  678] 0, 186567, 520002
[  679] 0, 186566, 520001
[  680] 0, 186565, 520000
[  681] 0, 186564, 519999
[  682] 0, 186563, 519998
[  683] 0, 186562, 519997
[  684] 0, 186561, 519996
[  685] 0, 186560, 519995
[  686] 0, 186559, 519994
[  687] 0, 127683, 519993
[  688] 0, 151752, 519992
[  689] 0, 186558, 519991
[  690] 0, 14497, 519990
[  691] 0, 14496, 519989
[  692] 0, 186557, 519988
[  693] 0, 186556, 519987
[  694] 0, 519, 519537
[  695] 0, 6287, 519986
[  696] 0, 186555, 519985
[  697] 0, 14486, 519983
[  698] 0, 186554, 519981
[  699] 0, 186553, 519980
[  700] 0, 186552, 519978
[  701] 0, 14481, 519976
[  702] 0, 14479, 519975
[  703] 0, 186551, 519973
[  704] 0, 186550, 519972
[  705] 0, 186549, 519971
[  706] 0, 186548, 519970
[  707] 0, 6292, 519969
[  708] 0, 175272, 519968
[  709] 0, 3862, 519967
[  710] 0, 115379, 519966
[  711] 0, 186547, 519965
[  712] 0, 6274, 519964
[  713] 0, 49053, 519963
[  714] 0, 186546, 519962
[  715] 0, 186544, 519960
[  716] 0, 108326, 519959
[  717] 0, 186543, 519958
[  718] 0, 186542, 519957
[  719] 0, 72739, 519656
[  720] 0, 186541, 519956
[  721] 0, 186540, 519955
[  722] 0, 186539, 519954
[  723] 0, 186538, 519953
[  724] 0, 186537, 519952
[  725] 0, 186536, 519951
[  726] 0, 186535, 519950
[  727] 0, 116984, 519949
[  728] 0, 186534, 519948
[  729] 0, 186533, 519947
[  730] 0, 186532, 519946
[  731] 0, 9674, 519944
[  732] 0, 186531, 519943
[  733] 0, 186530, 519942
[  734] 0, 186529, 519941
[  735] 0, 186498, 519881
[  736] 0, 186527, 519939
[  737] 0, 25771, 519938
[  738] 0, 186526, 519937
[  739] 0, 6897, 519936
[  740] 0, 15816, 519935
[  741] 0, 186525, 519934
[  742] 0, 124964, 519932
[  743] 0, 971, 519931
[  744] 0, 186523, 519930
[  745] 0, 179446, 519929
[  746] 0, 186522, 519928
[  747] 0, 186521, 519927
[  748] 0, 186520, 519926
[  749] 0, 87360, 519924
[  750] 0, 186518, 519923
[  751] 0, 141916, 519922
[  752] 0, 186517, 519921
[  753] 0, 11605, 519920
[  754] 0, 186516, 519919
[  755] 0, 86401, 519918
[  756] 0, 186515, 519917
[  757] 0, 661, 519916
[  758] 0, 4939, 519915
[  759] 0, 9456, 519914
[  760] 0, 186514, 519913
[  761] 0, 186513, 519912
[  762] 0, 51364, 519911
[  763] 0, 164717, 519910
[  764] 0, 186512, 519909
[  765] 0, 183098, 519908
[  766] 0, 186511, 519907
[  767] 0, 186510, 519906
[  768] 0, 49057, 519905
[  769] 0, 186509, 519904
[  770] 0, 177500, 519903
[  771] 0, 144843, 519902
[  772] 0, 177493, 519901
[  773] 0, 116942, 519900
[  774] 0, 183092, 519899
[  775] 0, 186508, 519898
[  776] 0, 66217, 519074
[  777] 0, 186507, 519897
[  778] 0, 170140, 519896
[  779] 0, 186506, 519895
[  780] 0, 184889, 519894
[  781] 0, 186505, 519893
[  782] 0, 170138, 519891
[  783] 0, 186504, 519890
[  784] 0, 66214, 519060
[  785] 0, 186502, 519888
[  786] 0, 164708, 519887
[  787] 0, 113681, 519886
[  788] 0, 98469, 519053
[  789] 0, 186500, 519884
[  790] 0, 186499, 519883
[  791] 0, 2475, 519882
[  792] 0, 59859, 519794
[  793] 0, 186497, 519880
[  794] 0, 186496, 519879
[  795] 0, 85211, 519878
[  796] 0, 186495, 519877
[  797] 0, 186494, 519876
[  798] 0, 186492, 519874
[  799] 0, 155304, 519873
[  800] 0, 181867, 519872
[  801] 0, 186491, 519871
[  802] 0, 186452, 519775
[  803] 0, 180997, 519870
[  804] 0, 116989, 519869
[  805] 0, 186490, 519868
[  806] 0, 186489, 519867
[  807] 0, 186488, 519865
[  808] 0, 116928, 519864
[  809] 0, 179417, 519863
[  810] 0, 133275, 519862
[  811] 0, 186487, 519861
[  812] 0, 4256, 519860
[  813] 0, 148282, 519859
[  814] 0, 57344, 519784
[  815] 0, 77782, 519858
[  816] 0, 180533, 519857
[  817] 0, 186486, 519856
[  818] 0, 34141, 519855
[  819] 0, 186485, 519854
[  820] 0, 186484, 519853
[  821] 0, 128804, 519852
[  822] 0, 15684, 519851
[  823] 0, 132053, 519850
[  824] 0, 186483, 519849
[  825] 0, 186482, 519848
[  826] 0, 40210, 519581
[  827] 0, 22170, 519847
[  828] 0, 186481, 519846
[  829] 0, 186480, 519845
[  830] 0, 13256, 519844
[  831] 0, 186479, 519843
[  832] 0, 137, 519842
[  833] 0, 186478, 519840
[  834] 0, 13273, 519839
[  835] 0, 186477, 519838
[  836] 0, 186476, 519837
[  837] 0, 79318, 519836
[  838] 0, 186475, 519835
[  839] 0, 186474, 519834
[  840] 0, 47836, 519833
[  841] 0, 10473, 519832
[  842] 0, 125317, 519831
[  843] 0, 186473, 519830
[  844] 0, 186472, 519829
[  845] 0, 144248, 519828
[  846] 0, 186471, 519827
[  847] 0, 186470, 519826
[  848] 0, 186469, 519825
[  849] 0, 186468, 519824
[  850] 0, 186467, 519823
[  851] 0, 186361, 519579
[  852] 0, 186466, 519822
[  853] 0, 186465, 519821
[  854] 0, 1866, 519820
[  855] 0, 186464, 519819
[  856] 0, 147632, 519720
[  857] 0, 48975, 519818
[  858] 0, 186463, 519817
[  859] 0, 16032, 519816
[  860] 0, 186462, 519815
[  861] 0, 125801, 519814
[  862] 0, 148254, 519813
[  863] 0, 64358, 519812
[  864] 0, 91497, 519811
[  865] 0, 81129, 519810
[  866] 0, 186461, 519809
[  867] 0, 173, 519097
[  868] 0, 186460, 519808
[  869] 0, 186459, 519807
[  870] 0, 186458, 519806
[  871] 0, 19464, 519805
[  872] 0, 186457, 519804
[  873] 0, 15561, 519803
[  874] 0, 186456, 519802
[  875] 0, 155019, 519801
[  876] 0, 183581, 519800
[  877] 0, 3024, 519799
[  878] 0, 85, 519798
[  879] 0, 84, 519797
[  880] 0, 185255, 519796
[  881] 0, 82494, 519795
[  882] 0, 3023, 519793
[  883] 0, 45103, 519792
[  884] 0, 186455, 519791
[  885] 0, 130236, 519790
[  886] 0, 171549, 519789
[  887] 0, 41445, 519788
[  888] 0, 186454, 519787
[  889] 0, 82, 519786
[  890] 0, 81, 519785
[  891] 0, 231, 519783
[  892] 0, 230, 519782
[  893] 0, 186453, 519781
[  894] 0, 171547, 519780
[  895] 0, 183586, 519778
[  896] 0, 39381, 519777
[  897] 0, 81144, 519776
[  898] 0, 186451, 519774
[  899] 0, 186450, 519773
[  900] 0, 186449, 519772
[  901] 0, 85268, 519771
[  902] 0, 20560, 519770
[  903] 0, 70553, 519769
[  904] 0, 186448, 519768
[  905] 0, 31101, 519767
[  906] 0, 56727, 519766
[  907] 0, 24041, 519765
[  908] 0, 85265, 519764
[  909] 0, 89947, 519763
[  910] 0, 169466, 519762
[  911] 0, 186447, 519761
[  912] 0, 85262, 519760
[  913] 0, 113347, 519759
[  914] 0, 186446, 519758
[  915] 0, 184115, 519757
[  916] 0, 186445, 519756
[  917] 0, 186444, 519755
[  918] 0, 186443, 519754
[  919] 0, 85259, 519753
[  920] 0, 113346, 519752
[  921] 0, 186442, 519751
[  922] 0, 8375, 519750
[  923] 0, 54451, 519749
[  924] 0, 85257, 519748
[  925] 0, 186441, 519747
[  926] 0, 113342, 519746
[  927] 0, 13261, 518883
[  928] 0, 186440, 519745
[  929] 0, 93384, 519744
[  930] 0, 186439, 519743
[  931] 0, 35171, 519742
[  932] 0, 79319, 519741
[  933] 0, 26279, 519740
[  934] 0, 13252, 518874
[  935] 0, 33568, 519739
[  936] 0, 85254, 519738
[  937] 0, 113340, 519737
[  938] 0, 186438, 519735
[  939] 0, 43727, 519734
[  940] 0, 113344, 519733
[  941] 0, 85251, 519732
[  942] 0, 186437, 519731
[  943] 0, 17954, 518887
[  944] 0, 107010, 519730
[  945] 0, 186436, 519729
[  946] 0, 85250, 519728
[  947] 0, 186435, 519727
[  948] 0, 186434, 519726
[  949] 0, 17942, 518872
[  950] 0, 186433, 519724
[  951] 0, 153974, 519723
[  952] 0, 77914, 519722
[  953] 0, 186368, 519602
[  954] 0, 51839, 519721
[  955] 0, 186432, 519719
[  956] 0, 4672, 519718
[  957] 0, 186431, 519717
[  958] 0, 186430, 519716
[  959] 0, 186429, 519715
[  960] 0, 186333, 519487
[  961] 0, 186428, 519713
[  962] 0, 172792, 519490
[  963] 0, 143746, 519712
[  964] 0, 186427, 519711
[  965] 0, 186426, 519710
[  966] 0, 147942, 519484
[  967] 0, 25159, 519709
[  968] 0, 186341, 519514
[  969] 0, 186425, 519708
[  970] 0, 186424, 519707
[  971] 0, 29387, 519706
[  972] 0, 186423, 519705
[  973] 0, 186422, 519704
[  974] 0, 186421, 519703
[  975] 0, 186420, 519702
[  976] 0, 186419, 519701
[  977] 0, 113629, 519700
[  978] 0, 186418, 519699
[  979] 0, 186417, 519698
[  980] 0, 186416, 519697
[  981] 0, 186415, 519696
[  982] 0, 186414, 519695
[  983] 0, 86267, 519694
[  984] 0, 186413, 519693
[  985] 0, 11573, 519692
[  986] 0, 186412, 519691
[  987] 0, 49396, 519690
[  988] 0, 24077, 519512
[  989] 0, 186411, 519689
[  990] 0, 50450, 519072
[  991] 0, 52059, 519688
[  992] 0, 22362, 519524
[  993] 0, 27054, 519687
[  994] 0, 186410, 519686
[  995] 0, 52999, 519685
[  996] 0, 186409, 519684
[  997] 0, 111754, 519683
[  998] 0, 21755, 519682
[  999] 0, 18523, 519681
LRU
---------------------------------------------
